\BOOKMARK [0][-]{chapter.1}{\376\377\0001\000\040\000M\000a\000l\000a\000k\000h}{}% 1
\BOOKMARK [1][-]{section.1.1}{\376\377\0001\000.\0001\000\040\000A\000I\000\040\000r\000e\001\176\000i\000m\000y}{chapter.1}% 2
\BOOKMARK [1][-]{section.1.2}{\376\377\0001\000.\0002\000\040\000U\000C\000I\000\040\000p\000r\000\355\000k\000a\000z\000y}{chapter.1}% 3
\BOOKMARK [2][-]{subsection.1.2.1}{\376\377\0001\000.\0002\000.\0001\000\040\000E\000n\000g\000i\000n\000e\000\040\000-\000>\000\040\000G\000U\000I}{section.1.2}% 4
\BOOKMARK [2][-]{subsection.1.2.2}{\376\377\0001\000.\0002\000.\0002\000\040\000G\000U\000I\000\040\000-\000>\000\040\000E\000n\000g\000i\000n\000e}{section.1.2}% 5
\BOOKMARK [0][-]{chapter.2}{\376\377\0002\000\040\000R\000e\000g\000i\000s\000t\000e\000r\000\040\000t\000r\000i\000e\000d}{}% 6
\BOOKMARK [1][-]{section.2.1}{\376\377\0002\000.\0001\000\040\000Z\000o\000z\000n\000a\000m\000\040\000t\000r\000i\000e\000d}{chapter.2}% 7
\BOOKMARK [0][-]{chapter.3}{\376\377\0003\000\040\000R\000e\000g\000i\000s\000t\000e\000r\000\040\000s\000\372\000b\000o\000r\000o\000v}{}% 8
\BOOKMARK [1][-]{section.3.1}{\376\377\0003\000.\0001\000\040\000Z\000o\000z\000n\000a\000m\000\040\000s\000\372\000b\000o\000r\000o\000v}{chapter.3}% 9
\BOOKMARK [0][-]{chapter.4}{\376\377\0004\000\040\000D\000o\000k\000u\000m\000e\000n\000t\000\341\000c\000i\000a\000\040\000t\000r\000i\000e\000d}{}% 10
\BOOKMARK [1][-]{section.4.1}{\376\377\0004\000.\0001\000\040\000D\000o\000k\000u\000m\000e\000n\000t\000\341\000c\000i\000a\000\040\001\141\000t\000r\000u\000k\000t\000\372\000r\000y\000\040\000B\000i\000t\000B\000o\000a\000r\000d}{chapter.4}% 11
\BOOKMARK [2][-]{subsection.4.1.1}{\376\377\0004\000.\0001\000.\0001\000\040\000D\000e\000t\000a\000i\000l\000n\000\375\000\040\000p\000o\000p\000i\000s}{section.4.1}% 12
\BOOKMARK [2][-]{subsection.4.1.2}{\376\377\0004\000.\0001\000.\0002\000\040\000D\000o\000k\000u\000m\000e\000n\000t\000\341\000c\000i\000a\000\040\000k\000\040\000m\000e\000t\000\363\000d\000a\000m}{section.4.1}% 13
\BOOKMARK [3][-]{subsubsection.4.1.2.1}{\376\377\0004\000.\0001\000.\0002\000.\0001\000\040\000c\000l\000e\000a\000r\000B\000i\000t\000\050\000\051}{subsection.4.1.2}% 14
\BOOKMARK [3][-]{subsubsection.4.1.2.2}{\376\377\0004\000.\0001\000.\0002\000.\0002\000\040\000g\000e\000t\000B\000i\000t\000\050\000\051}{subsection.4.1.2}% 15
\BOOKMARK [3][-]{subsubsection.4.1.2.3}{\376\377\0004\000.\0001\000.\0002\000.\0003\000\040\000g\000e\000t\000K\000i\000n\000g\000A\000t\000t\000a\000c\000k\000\050\000\051}{subsection.4.1.2}% 16
\BOOKMARK [3][-]{subsubsection.4.1.2.4}{\376\377\0004\000.\0001\000.\0002\000.\0004\000\040\000g\000e\000t\000K\000i\000n\000g\000P\000a\000t\000t\000e\000r\000n\000\050\000\051}{subsection.4.1.2}% 17
\BOOKMARK [3][-]{subsubsection.4.1.2.5}{\376\377\0004\000.\0001\000.\0002\000.\0005\000\040\000g\000e\000t\000M\000a\000s\000k\000\050\000\051}{subsection.4.1.2}% 18
\BOOKMARK [3][-]{subsubsection.4.1.2.6}{\376\377\0004\000.\0001\000.\0002\000.\0006\000\040\000g\000e\000t\000T\000r\000o\000p\000i\000s\000m\000\050\000\051}{subsection.4.1.2}% 19
\BOOKMARK [3][-]{subsubsection.4.1.2.7}{\376\377\0004\000.\0001\000.\0002\000.\0007\000\040\000g\000e\000t\000T\000r\000o\000p\000i\000s\000m\000P\000a\000t\000t\000e\000r\000n\000\050\000\051}{subsection.4.1.2}% 20
\BOOKMARK [3][-]{subsubsection.4.1.2.8}{\376\377\0004\000.\0001\000.\0002\000.\0008\000\040\000p\000r\000i\000n\000t\000B\000i\000t\000s\000\050\000\051}{subsection.4.1.2}% 21
\BOOKMARK [3][-]{subsubsection.4.1.2.9}{\376\377\0004\000.\0001\000.\0002\000.\0009\000\040\000s\000e\000t\000B\000i\000t\000\050\000\051}{subsection.4.1.2}% 22
\BOOKMARK [2][-]{subsection.4.1.3}{\376\377\0004\000.\0001\000.\0003\000\040\000D\000o\000k\000u\000m\000e\000n\000t\000\341\000c\000i\000a\000\040\000k\000\040\000d\000\341\000t\000o\000v\000\375\000m\000\040\001\015\000l\000e\000n\000o\000m}{section.4.1}% 23
\BOOKMARK [3][-]{subsubsection.4.1.3.1}{\376\377\0004\000.\0001\000.\0003\000.\0001\000\040\000v\000a\000l\000u\000e}{subsection.4.1.3}% 24
\BOOKMARK [1][-]{section.4.2}{\376\377\0004\000.\0002\000\040\000D\000o\000k\000u\000m\000e\000n\000t\000\341\000c\000i\000a\000\040\000t\000r\000i\000e\000d\000y\000\040\000B\000o\000a\000r\000d}{chapter.4}% 25
\BOOKMARK [2][-]{subsection.4.2.1}{\376\377\0004\000.\0002\000.\0001\000\040\000D\000e\000t\000a\000i\000l\000n\000\375\000\040\000p\000o\000p\000i\000s}{section.4.2}% 26
\BOOKMARK [2][-]{subsection.4.2.2}{\376\377\0004\000.\0002\000.\0002\000\040\000D\000o\000k\000u\000m\000e\000n\000t\000\341\000c\000i\000a\000\040\000k\000\040\000m\000e\000t\000\363\000d\000a\000m}{section.4.2}% 27
\BOOKMARK [3][-]{subsubsection.4.2.2.1}{\376\377\0004\000.\0002\000.\0002\000.\0001\000\040\000a\000d\000d\000P\000i\000e\000c\000e\000\050\000\051}{subsection.4.2.2}% 28
\BOOKMARK [3][-]{subsubsection.4.2.2.2}{\376\377\0004\000.\0002\000.\0002\000.\0002\000\040\000c\000l\000e\000a\000r\000B\000o\000a\000r\000d\000\050\000\051}{subsection.4.2.2}% 29
\BOOKMARK [3][-]{subsubsection.4.2.2.3}{\376\377\0004\000.\0002\000.\0002\000.\0003\000\040\000e\000v\000a\000l\000B\000o\000a\000r\000d\000\050\000\051}{subsection.4.2.2}% 30
\BOOKMARK [3][-]{subsubsection.4.2.2.4}{\376\377\0004\000.\0002\000.\0002\000.\0004\000\040\000g\000e\000t\000L\000e\000g\000a\000l\000M\000o\000v\000e\000s\000\050\000\051}{subsection.4.2.2}% 31
\BOOKMARK [3][-]{subsubsection.4.2.2.5}{\376\377\0004\000.\0002\000.\0002\000.\0005\000\040\000g\000e\000t\000P\000i\000e\000c\000e\000\050\000\051}{subsection.4.2.2}% 32
\BOOKMARK [3][-]{subsubsection.4.2.2.6}{\376\377\0004\000.\0002\000.\0002\000.\0006\000\040\000g\000e\000t\000R\000e\000s\000u\000l\000t\000\050\000\051}{subsection.4.2.2}% 33
\BOOKMARK [3][-]{subsubsection.4.2.2.7}{\376\377\0004\000.\0002\000.\0002\000.\0007\000\040\000i\000n\000i\000t\000B\000o\000a\000r\000d\000\050\000\051\000\040\000[\0001\000/\0002\000]}{subsection.4.2.2}% 34
\BOOKMARK [3][-]{subsubsection.4.2.2.8}{\376\377\0004\000.\0002\000.\0002\000.\0008\000\040\000i\000n\000i\000t\000B\000o\000a\000r\000d\000\050\000\051\000\040\000[\0002\000/\0002\000]}{subsection.4.2.2}% 35
\BOOKMARK [3][-]{subsubsection.4.2.2.9}{\376\377\0004\000.\0002\000.\0002\000.\0009\000\040\000i\000s\000Q\000u\000i\000e\000t\000\050\000\051}{subsection.4.2.2}% 36
\BOOKMARK [3][-]{subsubsection.4.2.2.10}{\376\377\0004\000.\0002\000.\0002\000.\0001\0000\000\040\000m\000a\000k\000e\000M\000o\000v\000e\000\050\000\051\000\040\000[\0001\000/\0003\000]}{subsection.4.2.2}% 37
\BOOKMARK [3][-]{subsubsection.4.2.2.11}{\376\377\0004\000.\0002\000.\0002\000.\0001\0001\000\040\000m\000a\000k\000e\000M\000o\000v\000e\000\050\000\051\000\040\000[\0002\000/\0003\000]}{subsection.4.2.2}% 38
\BOOKMARK [3][-]{subsubsection.4.2.2.12}{\376\377\0004\000.\0002\000.\0002\000.\0001\0002\000\040\000m\000a\000k\000e\000M\000o\000v\000e\000\050\000\051\000\040\000[\0003\000/\0003\000]}{subsection.4.2.2}% 39
\BOOKMARK [3][-]{subsubsection.4.2.2.13}{\376\377\0004\000.\0002\000.\0002\000.\0001\0003\000\040\000p\000r\000i\000n\000t\000B\000o\000a\000r\000d\000\050\000\051}{subsection.4.2.2}% 40
\BOOKMARK [3][-]{subsubsection.4.2.2.14}{\376\377\0004\000.\0002\000.\0002\000.\0001\0004\000\040\000p\000r\000i\000n\000t\000M\000o\000v\000e\000s\000\050\000\051}{subsection.4.2.2}% 41
\BOOKMARK [3][-]{subsubsection.4.2.2.15}{\376\377\0004\000.\0002\000.\0002\000.\0001\0005\000\040\000r\000e\000f\000r\000e\000s\000h\000A\000g\000g\000r\000e\000g\000a\000t\000i\000o\000n\000s\000\050\000\051}{subsection.4.2.2}% 42
\BOOKMARK [3][-]{subsubsection.4.2.2.16}{\376\377\0004\000.\0002\000.\0002\000.\0001\0006\000\040\000r\000e\000m\000o\000v\000e\000P\000i\000e\000c\000e\000\050\000\051}{subsection.4.2.2}% 43
\BOOKMARK [3][-]{subsubsection.4.2.2.17}{\376\377\0004\000.\0002\000.\0002\000.\0001\0007\000\040\000s\000e\000t\000E\000s\000s\000e\000n\000c\000e\000C\000o\000n\000f\000i\000g\000\050\000\051}{subsection.4.2.2}% 44
\BOOKMARK [3][-]{subsubsection.4.2.2.18}{\376\377\0004\000.\0002\000.\0002\000.\0001\0008\000\040\000s\000e\000t\000I\000n\000p\000u\000t\000A\000r\000r\000a\000y\000C\000o\000l\000o\000r\000\050\000\051}{subsection.4.2.2}% 45
\BOOKMARK [3][-]{subsubsection.4.2.2.19}{\376\377\0004\000.\0002\000.\0002\000.\0001\0009\000\040\000s\000e\000t\000I\000n\000p\000u\000t\000A\000r\000r\000a\000y\000P\000i\000e\000c\000e\000\050\000\051}{subsection.4.2.2}% 46
\BOOKMARK [3][-]{subsubsection.4.2.2.20}{\376\377\0004\000.\0002\000.\0002\000.\0002\0000\000\040\000t\000o\000S\000t\000r\000i\000n\000g\000\050\000\051}{subsection.4.2.2}% 47
\BOOKMARK [2][-]{subsection.4.2.3}{\376\377\0004\000.\0002\000.\0003\000\040\000D\000o\000k\000u\000m\000e\000n\000t\000\341\000c\000i\000a\000\040\000k\000\040\000d\000\341\000t\000o\000v\000\375\000m\000\040\001\015\000l\000e\000n\000o\000m}{section.4.2}% 48
\BOOKMARK [3][-]{subsubsection.4.2.3.1}{\376\377\0004\000.\0002\000.\0003\000.\0001\000\040\000a\000l\000l\000P\000i\000e\000c\000e\000s}{subsection.4.2.3}% 49
\BOOKMARK [3][-]{subsubsection.4.2.3.2}{\376\377\0004\000.\0002\000.\0003\000.\0002\000\040\000a\000t\000t\000a\000c\000k\000s}{subsection.4.2.3}% 50
\BOOKMARK [3][-]{subsubsection.4.2.3.3}{\376\377\0004\000.\0002\000.\0003\000.\0003\000\040\000c\000o\000l\000o\000r\000s}{subsection.4.2.3}% 51
\BOOKMARK [3][-]{subsubsection.4.2.3.4}{\376\377\0004\000.\0002\000.\0003\000.\0004\000\040\000c\000u\000r\000T\000u\000r\000n}{subsection.4.2.3}% 52
\BOOKMARK [3][-]{subsubsection.4.2.3.5}{\376\377\0004\000.\0002\000.\0003\000.\0005\000\040\000e\000s\000s\000e\000n\000c\000e\000C\000o\000n\000f\000i\000g}{subsection.4.2.3}% 53
\BOOKMARK [3][-]{subsubsection.4.2.3.6}{\376\377\0004\000.\0002\000.\0003\000.\0006\000\040\000e\000s\000s\000e\000n\000c\000e\000C\000o\000u\000n\000t\000s}{subsection.4.2.3}% 54
\BOOKMARK [3][-]{subsubsection.4.2.3.7}{\376\377\0004\000.\0002\000.\0003\000.\0007\000\040\000e\000v\000a\000l}{subsection.4.2.3}% 55
\BOOKMARK [3][-]{subsubsection.4.2.3.8}{\376\377\0004\000.\0002\000.\0003\000.\0008\000\040\000f\000u\000l\000l\000m\000o\000v\000e\000C\000l\000o\000c\000k}{subsection.4.2.3}% 56
\BOOKMARK [3][-]{subsubsection.4.2.3.9}{\376\377\0004\000.\0002\000.\0003\000.\0009\000\040\000g\000h\000o\000s\000t}{subsection.4.2.3}% 57
\BOOKMARK [3][-]{subsubsection.4.2.3.10}{\376\377\0004\000.\0002\000.\0003\000.\0001\0000\000\040\000h\000a\000l\000f\000m\000o\000v\000e\000C\000l\000o\000c\000k}{subsection.4.2.3}% 58
\BOOKMARK [3][-]{subsubsection.4.2.3.11}{\376\377\0004\000.\0002\000.\0003\000.\0001\0001\000\040\000h\000a\000s\000h}{subsection.4.2.3}% 59
\BOOKMARK [3][-]{subsubsection.4.2.3.12}{\376\377\0004\000.\0002\000.\0003\000.\0001\0002\000\040\000i\000n\000p\000u\000t\000A\000r\000r\000a\000y}{subsection.4.2.3}% 60
\BOOKMARK [3][-]{subsubsection.4.2.3.13}{\376\377\0004\000.\0002\000.\0003\000.\0001\0003\000\040\000m\000o\000v\000e\000s}{subsection.4.2.3}% 61
\BOOKMARK [3][-]{subsubsection.4.2.3.14}{\376\377\0004\000.\0002\000.\0003\000.\0001\0004\000\040\000m\000o\000v\000e\000s\000V\000a\000l\000i\000d\000a\000t\000e\000d}{subsection.4.2.3}% 62
\BOOKMARK [3][-]{subsubsection.4.2.3.15}{\376\377\0004\000.\0002\000.\0003\000.\0001\0005\000\040\000n\000o\000t\000M\000o\000v\000e\000d}{subsection.4.2.3}% 63
\BOOKMARK [3][-]{subsubsection.4.2.3.16}{\376\377\0004\000.\0002\000.\0003\000.\0001\0006\000\040\000p\000i\000e\000c\000e\000C\000o\000u\000n\000t\000s}{subsection.4.2.3}% 64
\BOOKMARK [3][-]{subsubsection.4.2.3.17}{\376\377\0004\000.\0002\000.\0003\000.\0001\0007\000\040\000p\000i\000e\000c\000e\000s}{subsection.4.2.3}% 65
\BOOKMARK [1][-]{section.4.3}{\376\377\0004\000.\0003\000\040\000D\000o\000k\000u\000m\000e\000n\000t\000\341\000c\000i\000a\000\040\001\141\000t\000r\000u\000k\000t\000\372\000r\000y\000\040\000B\000o\000a\000r\000d\000H\000a\000s\000h}{chapter.4}% 66
\BOOKMARK [2][-]{subsection.4.3.1}{\376\377\0004\000.\0003\000.\0001\000\040\000D\000e\000t\000a\000i\000l\000n\000\375\000\040\000p\000o\000p\000i\000s}{section.4.3}% 67
\BOOKMARK [2][-]{subsection.4.3.2}{\376\377\0004\000.\0003\000.\0002\000\040\000D\000o\000k\000u\000m\000e\000n\000t\000\341\000c\000i\000a\000\040\000k\000\040\000m\000e\000t\000\363\000d\000a\000m}{section.4.3}% 68
\BOOKMARK [3][-]{subsubsection.4.3.2.1}{\376\377\0004\000.\0003\000.\0002\000.\0001\000\040\000s\000w\000i\000t\000c\000h\000G\000h\000o\000s\000t\000\050\000\051}{subsection.4.3.2}% 69
\BOOKMARK [3][-]{subsubsection.4.3.2.2}{\376\377\0004\000.\0003\000.\0002\000.\0002\000\040\000s\000w\000i\000t\000c\000h\000N\000o\000t\000M\000o\000v\000e\000d\000\050\000\051}{subsection.4.3.2}% 70
\BOOKMARK [3][-]{subsubsection.4.3.2.3}{\376\377\0004\000.\0003\000.\0002\000.\0003\000\040\000s\000w\000i\000t\000c\000h\000S\000q\000u\000a\000r\000e\000\050\000\051}{subsection.4.3.2}% 71
\BOOKMARK [3][-]{subsubsection.4.3.2.4}{\376\377\0004\000.\0003\000.\0002\000.\0004\000\040\000s\000w\000i\000t\000c\000h\000T\000u\000r\000n\000\050\000\051}{subsection.4.3.2}% 72
\BOOKMARK [2][-]{subsection.4.3.3}{\376\377\0004\000.\0003\000.\0003\000\040\000D\000o\000k\000u\000m\000e\000n\000t\000\341\000c\000i\000a\000\040\000k\000\040\000d\000\341\000t\000o\000v\000\375\000m\000\040\001\015\000l\000e\000n\000o\000m}{section.4.3}% 73
\BOOKMARK [3][-]{subsubsection.4.3.3.1}{\376\377\0004\000.\0003\000.\0003\000.\0001\000\040\000v\000a\000l\000u\000e}{subsection.4.3.3}% 74
\BOOKMARK [1][-]{section.4.4}{\376\377\0004\000.\0004\000\040\000D\000o\000k\000u\000m\000e\000n\000t\000\341\000c\000i\000a\000\040\001\141\000t\000r\000u\000k\000t\000\372\000r\000y\000\040\000C\000o\000n\000n\000e\000c\000t\000i\000o\000n\000S\000t\000r\000i\000n\000g}{chapter.4}% 75
\BOOKMARK [2][-]{subsection.4.4.1}{\376\377\0004\000.\0004\000.\0001\000\040\000D\000e\000t\000a\000i\000l\000n\000\375\000\040\000p\000o\000p\000i\000s}{section.4.4}% 76
\BOOKMARK [2][-]{subsection.4.4.2}{\376\377\0004\000.\0004\000.\0002\000\040\000D\000o\000k\000u\000m\000e\000n\000t\000\341\000c\000i\000a\000\040\000k\000\040\000m\000e\000t\000\363\000d\000a\000m}{section.4.4}% 77
\BOOKMARK [3][-]{subsubsection.4.4.2.1}{\376\377\0004\000.\0004\000.\0002\000.\0001\000\040\000t\000o\000S\000t\000r\000i\000n\000g\000\050\000\051}{subsection.4.4.2}% 78
\BOOKMARK [2][-]{subsection.4.4.3}{\376\377\0004\000.\0004\000.\0003\000\040\000D\000o\000k\000u\000m\000e\000n\000t\000\341\000c\000i\000a\000\040\000k\000\040\000d\000\341\000t\000o\000v\000\375\000m\000\040\001\015\000l\000e\000n\000o\000m}{section.4.4}% 79
\BOOKMARK [3][-]{subsubsection.4.4.3.1}{\376\377\0004\000.\0004\000.\0003\000.\0001\000\040\000h\000o\000s\000t\000a\000d\000d\000r}{subsection.4.4.3}% 80
\BOOKMARK [3][-]{subsubsection.4.4.3.2}{\376\377\0004\000.\0004\000.\0003\000.\0002\000\040\000p\000a\000s\000s\000w\000o\000r\000d}{subsection.4.4.3}% 81
\BOOKMARK [3][-]{subsubsection.4.4.3.3}{\376\377\0004\000.\0004\000.\0003\000.\0003\000\040\000p\000o\000r\000t}{subsection.4.4.3}% 82
\BOOKMARK [3][-]{subsubsection.4.4.3.4}{\376\377\0004\000.\0004\000.\0003\000.\0004\000\040\000u\000s\000e\000r}{subsection.4.4.3}% 83
\BOOKMARK [1][-]{section.4.5}{\376\377\0004\000.\0005\000\040\000D\000o\000k\000u\000m\000e\000n\000t\000\341\000c\000i\000a\000\040\000t\000r\000i\000e\000d\000y\000\040\000D\000a\000t\000a\000b\000a\000s\000e\000C\000o\000n\000n\000e\000c\000t\000i\000o\000n}{chapter.4}% 84
\BOOKMARK [2][-]{subsection.4.5.1}{\376\377\0004\000.\0005\000.\0001\000\040\000D\000e\000t\000a\000i\000l\000n\000\375\000\040\000p\000o\000p\000i\000s}{section.4.5}% 85
\BOOKMARK [2][-]{subsection.4.5.2}{\376\377\0004\000.\0005\000.\0002\000\040\000D\000o\000k\000u\000m\000e\000n\000t\000\341\000c\000i\000a\000\040\000k\000o\000n\001\141\000t\000r\000u\000k\000t\000o\000r\000u\000\040\000a\000\040\000d\000e\001\141\000t\000r\000u\000k\000t\000o\000r\000u}{section.4.5}% 86
\BOOKMARK [3][-]{subsubsection.4.5.2.1}{\376\377\0004\000.\0005\000.\0002\000.\0001\000\040\000D\000a\000t\000a\000b\000a\000s\000e\000C\000o\000n\000n\000e\000c\000t\000i\000o\000n\000\050\000\051}{subsection.4.5.2}% 87
\BOOKMARK [2][-]{subsection.4.5.3}{\376\377\0004\000.\0005\000.\0003\000\040\000D\000o\000k\000u\000m\000e\000n\000t\000\341\000c\000i\000a\000\040\000k\000\040\000m\000e\000t\000\363\000d\000a\000m}{section.4.5}% 88
\BOOKMARK [3][-]{subsubsection.4.5.3.1}{\376\377\0004\000.\0005\000.\0003\000.\0001\000\040\000a\000d\000d\000B\000o\000a\000r\000d\000R\000e\000s\000u\000l\000t\000\050\000\051}{subsection.4.5.3}% 89
\BOOKMARK [3][-]{subsubsection.4.5.3.2}{\376\377\0004\000.\0005\000.\0003\000.\0002\000\040\000g\000e\000t\000I\000d\000E\000s\000s\000e\000n\000c\000e\000C\000o\000n\000f\000i\000g\000\050\000\051}{subsection.4.5.3}% 90
\BOOKMARK [3][-]{subsubsection.4.5.3.3}{\376\377\0004\000.\0005\000.\0003\000.\0003\000\040\000u\000p\000d\000a\000t\000e\000S\000c\000o\000r\000e\000s\000\050\000\051}{subsection.4.5.3}% 91
\BOOKMARK [2][-]{subsection.4.5.4}{\376\377\0004\000.\0005\000.\0004\000\040\000D\000o\000k\000u\000m\000e\000n\000t\000\341\000c\000i\000a\000\040\000k\000\040\000d\000\341\000t\000o\000v\000\375\000m\000\040\001\015\000l\000e\000n\000o\000m}{section.4.5}% 92
\BOOKMARK [3][-]{subsubsection.4.5.4.1}{\376\377\0004\000.\0005\000.\0004\000.\0001\000\040\000c\000o\000n\000n\000e\000c\000t\000i\000o\000n}{subsection.4.5.4}% 93
\BOOKMARK [3][-]{subsubsection.4.5.4.2}{\376\377\0004\000.\0005\000.\0004\000.\0002\000\040\000t\000x\000n}{subsection.4.5.4}% 94
\BOOKMARK [1][-]{section.4.6}{\376\377\0004\000.\0006\000\040\000D\000o\000k\000u\000m\000e\000n\000t\000\341\000c\000i\000a\000\040\000t\000r\000i\000e\000d\000y\000\040\000D\000a\000t\000a\000b\000a\000s\000e\000M\000a\000n\000a\000g\000e\000r}{chapter.4}% 95
\BOOKMARK [2][-]{subsection.4.6.1}{\376\377\0004\000.\0006\000.\0001\000\040\000D\000e\000t\000a\000i\000l\000n\000\375\000\040\000p\000o\000p\000i\000s}{section.4.6}% 96
\BOOKMARK [2][-]{subsection.4.6.2}{\376\377\0004\000.\0006\000.\0002\000\040\000D\000o\000k\000u\000m\000e\000n\000t\000\341\000c\000i\000a\000\040\000k\000\040\000m\000e\000t\000\363\000d\000a\000m}{section.4.6}% 97
\BOOKMARK [3][-]{subsubsection.4.6.2.1}{\376\377\0004\000.\0006\000.\0002\000.\0001\000\040\000i\000n\000i\000t\000C\000o\000n\000n\000e\000c\000t\000i\000o\000n\000S\000t\000r\000i\000n\000g\000\050\000\051}{subsection.4.6.2}% 98
\BOOKMARK [3][-]{subsubsection.4.6.2.2}{\376\377\0004\000.\0006\000.\0002\000.\0002\000\040\000l\000o\000a\000d\000E\000n\000v\000F\000r\000o\000m\000F\000i\000l\000e\000\050\000\051}{subsection.4.6.2}% 99
\BOOKMARK [2][-]{subsection.4.6.3}{\376\377\0004\000.\0006\000.\0003\000\040\000D\000o\000k\000u\000m\000e\000n\000t\000\341\000c\000i\000a\000\040\000k\000\040\000d\000\341\000t\000o\000v\000\375\000m\000\040\001\015\000l\000e\000n\000o\000m}{section.4.6}% 100
\BOOKMARK [3][-]{subsubsection.4.6.3.1}{\376\377\0004\000.\0006\000.\0003\000.\0001\000\040\000c\000o\000n\000n\000e\000c\000t\000i\000o\000n\000S\000t\000r\000i\000n\000g}{subsection.4.6.3}% 101
\BOOKMARK [1][-]{section.4.7}{\376\377\0004\000.\0007\000\040\000D\000o\000k\000u\000m\000e\000n\000t\000\341\000c\000i\000a\000\040\000t\000r\000i\000e\000d\000y\000\040\000E\000n\000s\000e\000m\000b\000l\000e}{chapter.4}% 102
\BOOKMARK [2][-]{subsection.4.7.1}{\376\377\0004\000.\0007\000.\0001\000\040\000D\000e\000t\000a\000i\000l\000n\000\375\000\040\000p\000o\000p\000i\000s}{section.4.7}% 103
\BOOKMARK [2][-]{subsection.4.7.2}{\376\377\0004\000.\0007\000.\0002\000\040\000D\000o\000k\000u\000m\000e\000n\000t\000\341\000c\000i\000a\000\040\000k\000o\000n\001\141\000t\000r\000u\000k\000t\000o\000r\000u\000\040\000a\000\040\000d\000e\001\141\000t\000r\000u\000k\000t\000o\000r\000u}{section.4.7}% 104
\BOOKMARK [3][-]{subsubsection.4.7.2.1}{\376\377\0004\000.\0007\000.\0002\000.\0001\000\040\000E\000n\000s\000e\000m\000b\000l\000e\000\050\000\051}{subsection.4.7.2}% 105
\BOOKMARK [2][-]{subsection.4.7.3}{\376\377\0004\000.\0007\000.\0003\000\040\000D\000o\000k\000u\000m\000e\000n\000t\000\341\000c\000i\000a\000\040\000k\000\040\000m\000e\000t\000\363\000d\000a\000m}{section.4.7}% 106
\BOOKMARK [3][-]{subsubsection.4.7.3.1}{\376\377\0004\000.\0007\000.\0003\000.\0001\000\040\000f\000o\000r\000w\000a\000r\000d\000\050\000\051}{subsection.4.7.3}% 107
\BOOKMARK [2][-]{subsection.4.7.4}{\376\377\0004\000.\0007\000.\0004\000\040\000D\000o\000k\000u\000m\000e\000n\000t\000\341\000c\000i\000a\000\040\000k\000\040\000d\000\341\000t\000o\000v\000\375\000m\000\040\001\015\000l\000e\000n\000o\000m}{section.4.7}% 108
\BOOKMARK [3][-]{subsubsection.4.7.4.1}{\376\377\0004\000.\0007\000.\0004\000.\0001\000\040\000m\000o\000d\000e\000l\000s}{subsection.4.7.4}% 109
\BOOKMARK [1][-]{section.4.8}{\376\377\0004\000.\0008\000\040\000D\000o\000k\000u\000m\000e\000n\000t\000\341\000c\000i\000a\000\040\001\141\000t\000r\000u\000k\000t\000\372\000r\000y\000\040\000E\000s\000s\000e\000n\000c\000e\000A\000r\000g\000s}{chapter.4}% 110
\BOOKMARK [2][-]{subsection.4.8.1}{\376\377\0004\000.\0008\000.\0001\000\040\000D\000e\000t\000a\000i\000l\000n\000\375\000\040\000p\000o\000p\000i\000s}{section.4.8}% 111
\BOOKMARK [2][-]{subsection.4.8.2}{\376\377\0004\000.\0008\000.\0002\000\040\000D\000o\000k\000u\000m\000e\000n\000t\000\341\000c\000i\000a\000\040\000k\000\040\000d\000\341\000t\000o\000v\000\375\000m\000\040\001\015\000l\000e\000n\000o\000m}{section.4.8}% 112
\BOOKMARK [3][-]{subsubsection.4.8.2.1}{\376\377\0004\000.\0008\000.\0002\000.\0001\000\040\000b\000l\000a\000c\000k\000B\000i\000s\000h\000o\000p}{subsection.4.8.2}% 113
\BOOKMARK [3][-]{subsubsection.4.8.2.2}{\376\377\0004\000.\0008\000.\0002\000.\0002\000\040\000b\000l\000a\000c\000k\000K\000n\000i\000g\000h\000t}{subsection.4.8.2}% 114
\BOOKMARK [3][-]{subsubsection.4.8.2.3}{\376\377\0004\000.\0008\000.\0002\000.\0003\000\040\000b\000l\000a\000c\000k\000P\000a\000w\000n}{subsection.4.8.2}% 115
\BOOKMARK [3][-]{subsubsection.4.8.2.4}{\376\377\0004\000.\0008\000.\0002\000.\0004\000\040\000b\000l\000a\000c\000k\000R\000o\000o\000k}{subsection.4.8.2}% 116
\BOOKMARK [3][-]{subsubsection.4.8.2.5}{\376\377\0004\000.\0008\000.\0002\000.\0005\000\040\000w\000h\000i\000t\000e\000B\000i\000s\000h\000o\000p}{subsection.4.8.2}% 117
\BOOKMARK [3][-]{subsubsection.4.8.2.6}{\376\377\0004\000.\0008\000.\0002\000.\0006\000\040\000w\000h\000i\000t\000e\000K\000n\000i\000g\000h\000t}{subsection.4.8.2}% 118
\BOOKMARK [3][-]{subsubsection.4.8.2.7}{\376\377\0004\000.\0008\000.\0002\000.\0007\000\040\000w\000h\000i\000t\000e\000P\000a\000w\000n}{subsection.4.8.2}% 119
\BOOKMARK [3][-]{subsubsection.4.8.2.8}{\376\377\0004\000.\0008\000.\0002\000.\0008\000\040\000w\000h\000i\000t\000e\000R\000o\000o\000k}{subsection.4.8.2}% 120
\BOOKMARK [1][-]{section.4.9}{\376\377\0004\000.\0009\000\040\000D\000o\000k\000u\000m\000e\000n\000t\000\341\000c\000i\000a\000\040\001\141\000t\000r\000u\000k\000t\000\372\000r\000y\000\040\000E\000v\000a\000l\000A\000r\000g\000s}{chapter.4}% 121
\BOOKMARK [2][-]{subsection.4.9.1}{\376\377\0004\000.\0009\000.\0001\000\040\000D\000e\000t\000a\000i\000l\000n\000\375\000\040\000p\000o\000p\000i\000s}{section.4.9}% 122
\BOOKMARK [2][-]{subsection.4.9.2}{\376\377\0004\000.\0009\000.\0002\000\040\000D\000o\000k\000u\000m\000e\000n\000t\000\341\000c\000i\000a\000\040\000k\000\040\000d\000\341\000t\000o\000v\000\375\000m\000\040\001\015\000l\000e\000n\000o\000m}{section.4.9}% 123
\BOOKMARK [3][-]{subsubsection.4.9.2.1}{\376\377\0004\000.\0009\000.\0002\000.\0001\000\040\000a\000t\000t\000C\000o\000u\000n\000t}{subsection.4.9.2}% 124
\BOOKMARK [3][-]{subsubsection.4.9.2.2}{\376\377\0004\000.\0009\000.\0002\000.\0002\000\040\000a\000t\000t\000W\000e\000i\000g\000h\000t}{subsection.4.9.2}% 125
\BOOKMARK [3][-]{subsubsection.4.9.2.3}{\376\377\0004\000.\0009\000.\0002\000.\0003\000\040\000c\000u\000r\000P\000h\000a\000s\000e}{subsection.4.9.2}% 126
\BOOKMARK [3][-]{subsubsection.4.9.2.4}{\376\377\0004\000.\0009\000.\0002\000.\0004\000\040\000e\000g\000\137\000p\000c\000s\000q\000E\000v\000a\000l}{subsection.4.9.2}% 127
\BOOKMARK [3][-]{subsubsection.4.9.2.5}{\376\377\0004\000.\0009\000.\0002\000.\0005\000\040\000m\000a\000t\000E\000v\000a\000l}{subsection.4.9.2}% 128
\BOOKMARK [3][-]{subsubsection.4.9.2.6}{\376\377\0004\000.\0009\000.\0002\000.\0006\000\040\000m\000g\000\137\000p\000c\000s\000q\000E\000v\000a\000l}{subsection.4.9.2}% 129
\BOOKMARK [3][-]{subsubsection.4.9.2.7}{\376\377\0004\000.\0009\000.\0002\000.\0007\000\040\000m\000o\000b\000C\000o\000u\000n\000t}{subsection.4.9.2}% 130
\BOOKMARK [1][-]{section.4.10}{\376\377\0004\000.\0001\0000\000\040\000D\000o\000k\000u\000m\000e\000n\000t\000\341\000c\000i\000a\000\040\000t\000r\000i\000e\000d\000y\000\040\000E\000v\000a\000l\000u\000a\000t\000i\000o\000n}{chapter.4}% 131
\BOOKMARK [2][-]{subsection.4.10.1}{\376\377\0004\000.\0001\0000\000.\0001\000\040\000D\000e\000t\000a\000i\000l\000n\000\375\000\040\000p\000o\000p\000i\000s}{section.4.10}% 132
\BOOKMARK [2][-]{subsection.4.10.2}{\376\377\0004\000.\0001\0000\000.\0002\000\040\000D\000o\000k\000u\000m\000e\000n\000t\000\341\000c\000i\000a\000\040\000k\000\040\000m\000e\000t\000\363\000d\000a\000m}{section.4.10}% 133
\BOOKMARK [3][-]{subsubsection.4.10.2.1}{\376\377\0004\000.\0001\0000\000.\0002\000.\0001\000\040\000g\000e\000t\000\137\000e\000g\000\137\000p\000c\000s\000q\000\050\000\051}{subsection.4.10.2}% 134
\BOOKMARK [3][-]{subsubsection.4.10.2.2}{\376\377\0004\000.\0001\0000\000.\0002\000.\0002\000\040\000g\000e\000t\000\137\000m\000g\000\137\000p\000c\000s\000q\000\050\000\051}{subsection.4.10.2}% 135
\BOOKMARK [2][-]{subsection.4.10.3}{\376\377\0004\000.\0001\0000\000.\0003\000\040\000D\000o\000k\000u\000m\000e\000n\000t\000\341\000c\000i\000a\000\040\000k\000\040\000d\000\341\000t\000o\000v\000\375\000m\000\040\001\015\000l\000e\000n\000o\000m}{section.4.10}% 136
\BOOKMARK [3][-]{subsubsection.4.10.3.1}{\376\377\0004\000.\0001\0000\000.\0003\000.\0001\000\040\000e\000g\000\137\000p\000c\000s\000q}{subsection.4.10.3}% 137
\BOOKMARK [3][-]{subsubsection.4.10.3.2}{\376\377\0004\000.\0001\0000\000.\0003\000.\0002\000\040\000e\000g\000\137\000p\000i\000e\000c\000e\000M\000o\000b\000W\000e\000i\000g\000h\000t\000s}{subsection.4.10.3}% 138
\BOOKMARK [3][-]{subsubsection.4.10.3.3}{\376\377\0004\000.\0001\0000\000.\0003\000.\0003\000\040\000e\000g\000\137\000p\000i\000e\000c\000e\000T\000r\000o\000p\000i\000s\000m\000W\000e\000i\000g\000h\000t\000s}{subsection.4.10.3}% 139
\BOOKMARK [3][-]{subsubsection.4.10.3.4}{\376\377\0004\000.\0001\0000\000.\0003\000.\0004\000\040\000m\000g\000\137\000p\000c\000s\000q}{subsection.4.10.3}% 140
\BOOKMARK [3][-]{subsubsection.4.10.3.5}{\376\377\0004\000.\0001\0000\000.\0003\000.\0005\000\040\000m\000g\000\137\000p\000i\000e\000c\000e\000M\000o\000b\000W\000e\000i\000g\000h\000t\000s}{subsection.4.10.3}% 141
\BOOKMARK [3][-]{subsubsection.4.10.3.6}{\376\377\0004\000.\0001\0000\000.\0003\000.\0006\000\040\000m\000g\000\137\000p\000i\000e\000c\000e\000T\000r\000o\000p\000i\000s\000m\000W\000e\000i\000g\000h\000t\000s}{subsection.4.10.3}% 142
\BOOKMARK [3][-]{subsubsection.4.10.3.7}{\376\377\0004\000.\0001\0000\000.\0003\000.\0007\000\040\000p\000i\000e\000c\000e\000A\000t\000t\000W\000e\000i\000g\000h\000t\000s}{subsection.4.10.3}% 143
\BOOKMARK [3][-]{subsubsection.4.10.3.8}{\376\377\0004\000.\0001\0000\000.\0003\000.\0008\000\040\000p\000i\000e\000c\000e\000M\000a\000t\000V\000a\000l\000u\000e\000s}{subsection.4.10.3}% 144
\BOOKMARK [3][-]{subsubsection.4.10.3.9}{\376\377\0004\000.\0001\0000\000.\0003\000.\0009\000\040\000p\000i\000e\000c\000e\000M\000o\000b\000P\000e\000n\000a\000l\000t\000i\000e\000s}{subsection.4.10.3}% 145
\BOOKMARK [3][-]{subsubsection.4.10.3.10}{\376\377\0004\000.\0001\0000\000.\0003\000.\0001\0000\000\040\000p\000i\000e\000c\000e\000P\000h\000a\000s\000e\000V\000a\000l\000u\000e\000s}{subsection.4.10.3}% 146
\BOOKMARK [3][-]{subsubsection.4.10.3.11}{\376\377\0004\000.\0001\0000\000.\0003\000.\0001\0001\000\040\000s\000a\000f\000e\000t\000y\000T\000a\000b\000l\000e}{subsection.4.10.3}% 147
\BOOKMARK [3][-]{subsubsection.4.10.3.12}{\376\377\0004\000.\0001\0000\000.\0003\000.\0001\0002\000\040\000s\000t\000a\000r\000t\000P\000h\000a\000s\000e}{subsection.4.10.3}% 148
\BOOKMARK [1][-]{section.4.11}{\376\377\0004\000.\0001\0001\000\040\000D\000o\000k\000u\000m\000e\000n\000t\000\341\000c\000i\000a\000\040\000t\000r\000i\000e\000d\000y\000\040\000F\000a\000i\000r\000y\000S\000t\000o\000c\000k\000f\000i\000s\000h}{chapter.4}% 149
\BOOKMARK [2][-]{subsection.4.11.1}{\376\377\0004\000.\0001\0001\000.\0001\000\040\000D\000e\000t\000a\000i\000l\000n\000\375\000\040\000p\000o\000p\000i\000s}{section.4.11}% 150
\BOOKMARK [2][-]{subsection.4.11.2}{\376\377\0004\000.\0001\0001\000.\0002\000\040\000D\000o\000k\000u\000m\000e\000n\000t\000\341\000c\000i\000a\000\040\000k\000\040\000m\000e\000t\000\363\000d\000a\000m}{section.4.11}% 151
\BOOKMARK [3][-]{subsubsection.4.11.2.1}{\376\377\0004\000.\0001\0001\000.\0002\000.\0001\000\040\000e\000x\000i\000t\000\050\000\051}{subsection.4.11.2}% 152
\BOOKMARK [3][-]{subsubsection.4.11.2.2}{\376\377\0004\000.\0001\0001\000.\0002\000.\0002\000\040\000r\000e\000c\000e\000i\000v\000e\000R\000e\000s\000p\000o\000n\000s\000e\000\050\000\051}{subsection.4.11.2}% 153
\BOOKMARK [3][-]{subsubsection.4.11.2.3}{\376\377\0004\000.\0001\0001\000.\0002\000.\0003\000\040\000s\000e\000n\000d\000C\000o\000m\000m\000a\000n\000d\000\050\000\051}{subsection.4.11.2}% 154
\BOOKMARK [3][-]{subsubsection.4.11.2.4}{\376\377\0004\000.\0001\0001\000.\0002\000.\0004\000\040\000s\000e\000t\000C\000o\000n\000f\000i\000g\000F\000i\000l\000e\000\050\000\051}{subsection.4.11.2}% 155
\BOOKMARK [3][-]{subsubsection.4.11.2.5}{\376\377\0004\000.\0001\0001\000.\0002\000.\0005\000\040\000s\000t\000a\000r\000t\000\050\000\051}{subsection.4.11.2}% 156
\BOOKMARK [3][-]{subsubsection.4.11.2.6}{\376\377\0004\000.\0001\0001\000.\0002\000.\0006\000\040\000w\000a\000i\000t\000F\000o\000r\000R\000e\000s\000p\000o\000n\000s\000e\000\050\000\051}{subsection.4.11.2}% 157
\BOOKMARK [1][-]{section.4.12}{\376\377\0004\000.\0001\0002\000\040\000D\000o\000k\000u\000m\000e\000n\000t\000\341\000c\000i\000a\000\040\001\141\000t\000r\000u\000k\000t\000\372\000r\000y\000\040\000G\000h\000o\000s\000t}{chapter.4}% 158
\BOOKMARK [2][-]{subsection.4.12.1}{\376\377\0004\000.\0001\0002\000.\0001\000\040\000D\000e\000t\000a\000i\000l\000n\000\375\000\040\000p\000o\000p\000i\000s}{section.4.12}% 159
\BOOKMARK [2][-]{subsection.4.12.2}{\376\377\0004\000.\0001\0002\000.\0002\000\040\000D\000o\000k\000u\000m\000e\000n\000t\000\341\000c\000i\000a\000\040\000k\000\040\000d\000\341\000t\000o\000v\000\375\000m\000\040\001\015\000l\000e\000n\000o\000m}{section.4.12}% 160
\BOOKMARK [3][-]{subsubsection.4.12.2.1}{\376\377\0004\000.\0001\0002\000.\0002\000.\0001\000\040\000p\000a\000r\000e\000n\000t\000X}{subsection.4.12.2}% 161
\BOOKMARK [3][-]{subsubsection.4.12.2.2}{\376\377\0004\000.\0001\0002\000.\0002\000.\0002\000\040\000p\000a\000r\000e\000n\000t\000Y}{subsection.4.12.2}% 162
\BOOKMARK [3][-]{subsubsection.4.12.2.3}{\376\377\0004\000.\0001\0002\000.\0002\000.\0003\000\040\000x}{subsection.4.12.2}% 163
\BOOKMARK [3][-]{subsubsection.4.12.2.4}{\376\377\0004\000.\0001\0002\000.\0002\000.\0004\000\040\000y}{subsection.4.12.2}% 164
\BOOKMARK [1][-]{section.4.13}{\376\377\0004\000.\0001\0003\000\040\000D\000o\000k\000u\000m\000e\000n\000t\000\341\000c\000i\000a\000\040\001\141\000t\000r\000u\000k\000t\000\372\000r\000y\000\040\000L\000e\000g\000a\000l\000M\000o\000v\000e}{chapter.4}% 165
\BOOKMARK [2][-]{subsection.4.13.1}{\376\377\0004\000.\0001\0003\000.\0001\000\040\000D\000e\000t\000a\000i\000l\000n\000\375\000\040\000p\000o\000p\000i\000s}{section.4.13}% 166
\BOOKMARK [2][-]{subsection.4.13.2}{\376\377\0004\000.\0001\0003\000.\0002\000\040\000D\000o\000k\000u\000m\000e\000n\000t\000\341\000c\000i\000a\000\040\000k\000o\000n\001\141\000t\000r\000u\000k\000t\000o\000r\000u\000\040\000a\000\040\000d\000e\001\141\000t\000r\000u\000k\000t\000o\000r\000u}{section.4.13}% 167
\BOOKMARK [3][-]{subsubsection.4.13.2.1}{\376\377\0004\000.\0001\0003\000.\0002\000.\0001\000\040\000L\000e\000g\000a\000l\000M\000o\000v\000e\000\050\000\051\000\040\000[\0001\000/\0003\000]}{subsection.4.13.2}% 168
\BOOKMARK [3][-]{subsubsection.4.13.2.2}{\376\377\0004\000.\0001\0003\000.\0002\000.\0002\000\040\000L\000e\000g\000a\000l\000M\000o\000v\000e\000\050\000\051\000\040\000[\0002\000/\0003\000]}{subsection.4.13.2}% 169
\BOOKMARK [3][-]{subsubsection.4.13.2.3}{\376\377\0004\000.\0001\0003\000.\0002\000.\0003\000\040\000L\000e\000g\000a\000l\000M\000o\000v\000e\000\050\000\051\000\040\000[\0003\000/\0003\000]}{subsection.4.13.2}% 170
\BOOKMARK [2][-]{subsection.4.13.3}{\376\377\0004\000.\0001\0003\000.\0003\000\040\000D\000o\000k\000u\000m\000e\000n\000t\000\341\000c\000i\000a\000\040\000k\000\040\000m\000e\000t\000\363\000d\000a\000m}{section.4.13}% 171
\BOOKMARK [3][-]{subsubsection.4.13.3.1}{\376\377\0004\000.\0001\0003\000.\0003\000.\0001\000\040\000t\000o\000S\000t\000r\000i\000n\000g\000\050\000\051}{subsection.4.13.3}% 172
\BOOKMARK [3][-]{subsubsection.4.13.3.2}{\376\377\0004\000.\0001\0003\000.\0003\000.\0002\000\040\000t\000o\000S\000t\000r\000i\000n\000g\000W\000i\000t\000h\000F\000l\000a\000g\000s\000\050\000\051}{subsection.4.13.3}% 173
\BOOKMARK [2][-]{subsection.4.13.4}{\376\377\0004\000.\0001\0003\000.\0004\000\040\000D\000o\000k\000u\000m\000e\000n\000t\000\341\000c\000i\000a\000\040\000k\000\040\000d\000\341\000t\000o\000v\000\375\000m\000\040\001\015\000l\000e\000n\000o\000m}{section.4.13}% 174
\BOOKMARK [3][-]{subsubsection.4.13.4.1}{\376\377\0004\000.\0001\0003\000.\0004\000.\0001\000\040\000c\000a\000s\000t\000l\000i\000n\000g}{subsection.4.13.4}% 175
\BOOKMARK [3][-]{subsubsection.4.13.4.2}{\376\377\0004\000.\0001\0003\000.\0004\000.\0002\000\040\000m\000o\000b\000i\000l\000i\000t\000y}{subsection.4.13.4}% 176
\BOOKMARK [3][-]{subsubsection.4.13.4.3}{\376\377\0004\000.\0001\0003\000.\0004\000.\0003\000\040\000p\000r\000o\000m\000o\000t\000i\000o\000n}{subsection.4.13.4}% 177
\BOOKMARK [3][-]{subsubsection.4.13.4.4}{\376\377\0004\000.\0001\0003\000.\0004\000.\0004\000\040\000x\0001}{subsection.4.13.4}% 178
\BOOKMARK [3][-]{subsubsection.4.13.4.5}{\376\377\0004\000.\0001\0003\000.\0004\000.\0005\000\040\000x\0002}{subsection.4.13.4}% 179
\BOOKMARK [3][-]{subsubsection.4.13.4.6}{\376\377\0004\000.\0001\0003\000.\0004\000.\0006\000\040\000y\0001}{subsection.4.13.4}% 180
\BOOKMARK [3][-]{subsubsection.4.13.4.7}{\376\377\0004\000.\0001\0003\000.\0004\000.\0007\000\040\000y\0002}{subsection.4.13.4}% 181
\BOOKMARK [1][-]{section.4.14}{\376\377\0004\000.\0001\0004\000\040\000D\000o\000k\000u\000m\000e\000n\000t\000\341\000c\000i\000a\000\040\000t\000r\000i\000e\000d\000y\000\040\000M\000o\000b\000i\000l\000i\000t\000i\000e\000s}{chapter.4}% 182
\BOOKMARK [2][-]{subsection.4.14.1}{\376\377\0004\000.\0001\0004\000.\0001\000\040\000D\000e\000t\000a\000i\000l\000n\000\375\000\040\000p\000o\000p\000i\000s}{section.4.14}% 183
\BOOKMARK [2][-]{subsection.4.14.2}{\376\377\0004\000.\0001\0004\000.\0002\000\040\000D\000o\000k\000u\000m\000e\000n\000t\000\341\000c\000i\000a\000\040\000k\000\040\000m\000e\000t\000\363\000d\000a\000m}{section.4.14}% 184
\BOOKMARK [3][-]{subsubsection.4.14.2.1}{\376\377\0004\000.\0001\0004\000.\0002\000.\0001\000\040\000p\000r\000i\000n\000t\000M\000o\000b\000i\000l\000i\000t\000i\000e\000s\000\050\000\051}{subsection.4.14.2}% 185
\BOOKMARK [2][-]{subsection.4.14.3}{\376\377\0004\000.\0001\0004\000.\0003\000\040\000D\000o\000k\000u\000m\000e\000n\000t\000\341\000c\000i\000a\000\040\000k\000\040\000d\000\341\000t\000o\000v\000\375\000m\000\040\001\015\000l\000e\000n\000o\000m}{section.4.14}% 186
\BOOKMARK [3][-]{subsubsection.4.14.3.1}{\376\377\0004\000.\0001\0004\000.\0003\000.\0001\000\040\000m\000o\000b\000i\000l\000i\000t\000y\000C\000o\000n\000f\000i\000g}{subsection.4.14.3}% 187
\BOOKMARK [1][-]{section.4.15}{\376\377\0004\000.\0001\0005\000\040\000D\000o\000k\000u\000m\000e\000n\000t\000\341\000c\000i\000a\000\040\001\141\000t\000r\000u\000k\000t\000\372\000r\000y\000\040\000M\000o\000b\000i\000l\000i\000t\000y}{chapter.4}% 188
\BOOKMARK [2][-]{subsection.4.15.1}{\376\377\0004\000.\0001\0005\000.\0001\000\040\000D\000e\000t\000a\000i\000l\000n\000\375\000\040\000p\000o\000p\000i\000s}{section.4.15}% 189
\BOOKMARK [2][-]{subsection.4.15.2}{\376\377\0004\000.\0001\0005\000.\0002\000\040\000D\000o\000k\000u\000m\000e\000n\000t\000\341\000c\000i\000a\000\040\000k\000\040\000d\000\341\000t\000o\000v\000\375\000m\000\040\001\015\000l\000e\000n\000o\000m}{section.4.15}% 190
\BOOKMARK [3][-]{subsubsection.4.15.2.1}{\376\377\0004\000.\0001\0005\000.\0002\000.\0001\000\040\000d\000i\000r\000e\000c\000t\000i\000o\000n\000\137\000x}{subsection.4.15.2}% 191
\BOOKMARK [3][-]{subsubsection.4.15.2.2}{\376\377\0004\000.\0001\0005\000.\0002\000.\0002\000\040\000d\000i\000r\000e\000c\000t\000i\000o\000n\000\137\000y}{subsection.4.15.2}% 192
\BOOKMARK [3][-]{subsubsection.4.15.2.3}{\376\377\0004\000.\0001\0005\000.\0002\000.\0003\000\040\000f\000l\000a\000g\000s}{subsection.4.15.2}% 193
\BOOKMARK [3][-]{subsubsection.4.15.2.4}{\376\377\0004\000.\0001\0005\000.\0002\000.\0004\000\040\000l\000i\000m\000i\000t}{subsection.4.15.2}% 194
\BOOKMARK [3][-]{subsubsection.4.15.2.5}{\376\377\0004\000.\0001\0005\000.\0002\000.\0005\000\040\000s\000t\000a\000r\000t\000\137\000x}{subsection.4.15.2}% 195
\BOOKMARK [3][-]{subsubsection.4.15.2.6}{\376\377\0004\000.\0001\0005\000.\0002\000.\0006\000\040\000s\000t\000a\000r\000t\000\137\000y}{subsection.4.15.2}% 196
\BOOKMARK [3][-]{subsubsection.4.15.2.7}{\376\377\0004\000.\0001\0005\000.\0002\000.\0007\000\040\000t\000y\000p\000e}{subsection.4.15.2}% 197
\BOOKMARK [1][-]{section.4.16}{\376\377\0004\000.\0001\0006\000\040\000D\000o\000k\000u\000m\000e\000n\000t\000\341\000c\000i\000a\000\040\001\141\000t\000r\000u\000k\000t\000\372\000r\000y\000\040\000M\000o\000b\000i\000l\000i\000t\000y\000F\000l\000a\000g\000s}{chapter.4}% 198
\BOOKMARK [2][-]{subsection.4.16.1}{\376\377\0004\000.\0001\0006\000.\0001\000\040\000D\000e\000t\000a\000i\000l\000n\000\375\000\040\000p\000o\000p\000i\000s}{section.4.16}% 199
\BOOKMARK [2][-]{subsection.4.16.2}{\376\377\0004\000.\0001\0006\000.\0002\000\040\000D\000o\000k\000u\000m\000e\000n\000t\000\341\000c\000i\000a\000\040\000k\000\040\000d\000\341\000t\000o\000v\000\375\000m\000\040\001\015\000l\000e\000n\000o\000m}{section.4.16}% 200
\BOOKMARK [3][-]{subsubsection.4.16.2.1}{\376\377\0004\000.\0001\0006\000.\0002\000.\0001\000\040\000h\000a\000s\000t\000y}{subsection.4.16.2}% 201
\BOOKMARK [3][-]{subsubsection.4.16.2.2}{\376\377\0004\000.\0001\0006\000.\0002\000.\0002\000\040\000i\000n\000i\000t\000i\000a\000t\000i\000v\000e}{subsection.4.16.2}% 202
\BOOKMARK [3][-]{subsubsection.4.16.2.3}{\376\377\0004\000.\0001\0006\000.\0002\000.\0003\000\040\000u\000n\000i\000n\000t\000e\000r\000r\000u\000p\000t\000i\000b\000l\000e}{subsection.4.16.2}% 203
\BOOKMARK [3][-]{subsubsection.4.16.2.4}{\376\377\0004\000.\0001\0006\000.\0002\000.\0004\000\040\000v\000i\000g\000i\000l\000a\000n\000t}{subsection.4.16.2}% 204
\BOOKMARK [1][-]{section.4.17}{\376\377\0004\000.\0001\0007\000\040\000D\000o\000k\000u\000m\000e\000n\000t\000\341\000c\000i\000a\000\040\000t\000r\000i\000e\000d\000y\000\040\000M\000o\000v\000e\000G\000e\000n\000e\000r\000a\000t\000o\000r}{chapter.4}% 205
\BOOKMARK [2][-]{subsection.4.17.1}{\376\377\0004\000.\0001\0007\000.\0001\000\040\000D\000e\000t\000a\000i\000l\000n\000\375\000\040\000p\000o\000p\000i\000s}{section.4.17}% 206
\BOOKMARK [2][-]{subsection.4.17.2}{\376\377\0004\000.\0001\0007\000.\0002\000\040\000D\000o\000k\000u\000m\000e\000n\000t\000\341\000c\000i\000a\000\040\000k\000\040\000m\000e\000t\000\363\000d\000a\000m}{section.4.17}% 207
\BOOKMARK [3][-]{subsubsection.4.17.2.1}{\376\377\0004\000.\0001\0007\000.\0002\000.\0001\000\040\000c\000l\000e\000a\000r\000M\000o\000v\000e\000s\000\050\000\051}{subsection.4.17.2}% 208
\BOOKMARK [3][-]{subsubsection.4.17.2.2}{\376\377\0004\000.\0001\0007\000.\0002\000.\0002\000\040\000g\000e\000n\000e\000r\000a\000t\000e\000M\000o\000v\000e\000s\000\050\000\051\000\040\000[\0001\000/\0002\000]}{subsection.4.17.2}% 209
\BOOKMARK [3][-]{subsubsection.4.17.2.3}{\376\377\0004\000.\0001\0007\000.\0002\000.\0003\000\040\000g\000e\000n\000e\000r\000a\000t\000e\000M\000o\000v\000e\000s\000\050\000\051\000\040\000[\0002\000/\0002\000]}{subsection.4.17.2}% 210
\BOOKMARK [1][-]{section.4.18}{\376\377\0004\000.\0001\0008\000\040\000D\000o\000k\000u\000m\000e\000n\000t\000\341\000c\000i\000a\000\040\001\141\000t\000r\000u\000k\000t\000\372\000r\000y\000\040\000P\000e\000r\000f\000o\000r\000m\000a\000n\000c\000e\000A\000r\000g\000s}{chapter.4}% 211
\BOOKMARK [2][-]{subsection.4.18.1}{\376\377\0004\000.\0001\0008\000.\0001\000\040\000D\000e\000t\000a\000i\000l\000n\000\375\000\040\000p\000o\000p\000i\000s}{section.4.18}% 212
\BOOKMARK [2][-]{subsection.4.18.2}{\376\377\0004\000.\0001\0008\000.\0002\000\040\000D\000o\000k\000u\000m\000e\000n\000t\000\341\000c\000i\000a\000\040\000k\000\040\000m\000e\000t\000\363\000d\000a\000m}{section.4.18}% 213
\BOOKMARK [3][-]{subsubsection.4.18.2.1}{\376\377\0004\000.\0001\0008\000.\0002\000.\0001\000\040\000p\000r\000i\000n\000t\000P\000e\000r\000f\000o\000r\000m\000a\000n\000c\000e\000\050\000\051\000\040\000[\0001\000/\0002\000]}{subsection.4.18.2}% 214
\BOOKMARK [3][-]{subsubsection.4.18.2.2}{\376\377\0004\000.\0001\0008\000.\0002\000.\0002\000\040\000p\000r\000i\000n\000t\000P\000e\000r\000f\000o\000r\000m\000a\000n\000c\000e\000\050\000\051\000\040\000[\0002\000/\0002\000]}{subsection.4.18.2}% 215
\BOOKMARK [2][-]{subsection.4.18.3}{\376\377\0004\000.\0001\0008\000.\0003\000\040\000D\000o\000k\000u\000m\000e\000n\000t\000\341\000c\000i\000a\000\040\000k\000\040\000d\000\341\000t\000o\000v\000\375\000m\000\040\001\015\000l\000e\000n\000o\000m}{section.4.18}% 216
\BOOKMARK [3][-]{subsubsection.4.18.3.1}{\376\377\0004\000.\0001\0008\000.\0003\000.\0001\000\040\000d\000u\000r\000a\000t\000i\000o\000n\000T\000o\000t\000a\000l}{subsection.4.18.3}% 217
\BOOKMARK [3][-]{subsubsection.4.18.3.2}{\376\377\0004\000.\0001\0008\000.\0003\000.\0002\000\040\000m\000u\000t\000e\000x}{subsection.4.18.3}% 218
\BOOKMARK [3][-]{subsubsection.4.18.3.3}{\376\377\0004\000.\0001\0008\000.\0003\000.\0003\000\040\000p\000o\000s\000i\000t\000i\000o\000n\000s\000C\000u\000r}{subsection.4.18.3}% 219
\BOOKMARK [3][-]{subsubsection.4.18.3.4}{\376\377\0004\000.\0001\0008\000.\0003\000.\0004\000\040\000p\000o\000s\000i\000t\000i\000o\000n\000s\000T\000o\000t\000a\000l}{subsection.4.18.3}% 220
\BOOKMARK [3][-]{subsubsection.4.18.3.5}{\376\377\0004\000.\0001\0008\000.\0003\000.\0005\000\040\000s\000t\000a\000r\000t}{subsection.4.18.3}% 221
\BOOKMARK [1][-]{section.4.19}{\376\377\0004\000.\0001\0009\000\040\000D\000o\000k\000u\000m\000e\000n\000t\000\341\000c\000i\000a\000\040\001\141\000t\000r\000u\000k\000t\000\372\000r\000y\000\040\000P\000i\000e\000c\000e}{chapter.4}% 222
\BOOKMARK [2][-]{subsection.4.19.1}{\376\377\0004\000.\0001\0009\000.\0001\000\040\000D\000e\000t\000a\000i\000l\000n\000\375\000\040\000p\000o\000p\000i\000s}{section.4.19}% 223
\BOOKMARK [2][-]{subsection.4.19.2}{\376\377\0004\000.\0001\0009\000.\0002\000\040\000D\000o\000k\000u\000m\000e\000n\000t\000\341\000c\000i\000a\000\040\000k\000\040\000m\000e\000t\000\363\000d\000a\000m}{section.4.19}% 224
\BOOKMARK [3][-]{subsubsection.4.19.2.1}{\376\377\0004\000.\0001\0009\000.\0002\000.\0001\000\040\000t\000o\000C\000h\000a\000r\000\050\000\051}{subsection.4.19.2}% 225
\BOOKMARK [2][-]{subsection.4.19.3}{\376\377\0004\000.\0001\0009\000.\0003\000\040\000D\000o\000k\000u\000m\000e\000n\000t\000\341\000c\000i\000a\000\040\000k\000\040\000d\000\341\000t\000o\000v\000\375\000m\000\040\001\015\000l\000e\000n\000o\000m}{section.4.19}% 226
\BOOKMARK [3][-]{subsubsection.4.19.3.1}{\376\377\0004\000.\0001\0009\000.\0003\000.\0001\000\040\000c\000o\000l\000o\000r}{subsection.4.19.3}% 227
\BOOKMARK [3][-]{subsubsection.4.19.3.2}{\376\377\0004\000.\0001\0009\000.\0003\000.\0002\000\040\000e\000s\000s\000e\000n\000c\000e}{subsection.4.19.3}% 228
\BOOKMARK [3][-]{subsubsection.4.19.3.3}{\376\377\0004\000.\0001\0009\000.\0003\000.\0003\000\040\000t\000y\000p\000e}{subsection.4.19.3}% 229
\BOOKMARK [1][-]{section.4.20}{\376\377\0004\000.\0002\0000\000\040\000D\000o\000k\000u\000m\000e\000n\000t\000\341\000c\000i\000a\000\040\000t\000r\000i\000e\000d\000y\000\040\000R\000a\000n\000d\000o\000m}{chapter.4}% 230
\BOOKMARK [2][-]{subsection.4.20.1}{\376\377\0004\000.\0002\0000\000.\0001\000\040\000D\000e\000t\000a\000i\000l\000n\000\375\000\040\000p\000o\000p\000i\000s}{section.4.20}% 231
\BOOKMARK [2][-]{subsection.4.20.2}{\376\377\0004\000.\0002\0000\000.\0002\000\040\000D\000o\000k\000u\000m\000e\000n\000t\000\341\000c\000i\000a\000\040\000k\000\040\000m\000e\000t\000\363\000d\000a\000m}{section.4.20}% 232
\BOOKMARK [3][-]{subsubsection.4.20.2.1}{\376\377\0004\000.\0002\0000\000.\0002\000.\0001\000\040\000c\000o\000i\000n\000F\000l\000i\000p\000\050\000\051}{subsection.4.20.2}% 233
\BOOKMARK [3][-]{subsubsection.4.20.2.2}{\376\377\0004\000.\0002\0000\000.\0002\000.\0002\000\040\000g\000e\000n\000e\000r\000a\000t\000e\000R\000a\000n\000d\000o\000m\000N\000u\000m\000b\000e\000r\000\050\000\051}{subsection.4.20.2}% 234
\BOOKMARK [3][-]{subsubsection.4.20.2.3}{\376\377\0004\000.\0002\0000\000.\0002\000.\0003\000\040\000g\000e\000t\000R\000a\000n\000d\000o\000m\000E\000l\000e\000m\000e\000n\000t\000\050\000\051}{subsection.4.20.2}% 235
\BOOKMARK [3][-]{subsubsection.4.20.2.4}{\376\377\0004\000.\0002\0000\000.\0002\000.\0004\000\040\000i\000n\000i\000t\000S\000e\000e\000d\000\050\000\051}{subsection.4.20.2}% 236
\BOOKMARK [2][-]{subsection.4.20.3}{\376\377\0004\000.\0002\0000\000.\0003\000\040\000D\000o\000k\000u\000m\000e\000n\000t\000\341\000c\000i\000a\000\040\000k\000\040\000d\000\341\000t\000o\000v\000\375\000m\000\040\001\015\000l\000e\000n\000o\000m}{section.4.20}% 237
\BOOKMARK [3][-]{subsubsection.4.20.3.1}{\376\377\0004\000.\0002\0000\000.\0003\000.\0001\000\040\000g\000e\000n}{subsection.4.20.3}% 238
\BOOKMARK [1][-]{section.4.21}{\376\377\0004\000.\0002\0001\000\040\000D\000o\000k\000u\000m\000e\000n\000t\000\341\000c\000i\000a\000\040\001\141\000t\000r\000u\000k\000t\000\372\000r\000y\000\040\000S\000e\000a\000r\000c\000h\000A\000r\000g\000s}{chapter.4}% 239
\BOOKMARK [2][-]{subsection.4.21.1}{\376\377\0004\000.\0002\0001\000.\0001\000\040\000D\000e\000t\000a\000i\000l\000n\000\375\000\040\000p\000o\000p\000i\000s}{section.4.21}% 240
\BOOKMARK [2][-]{subsection.4.21.2}{\376\377\0004\000.\0002\0001\000.\0002\000\040\000D\000o\000k\000u\000m\000e\000n\000t\000\341\000c\000i\000a\000\040\000k\000\040\000d\000\341\000t\000o\000v\000\375\000m\000\040\001\015\000l\000e\000n\000o\000m}{section.4.21}% 241
\BOOKMARK [3][-]{subsubsection.4.21.2.1}{\376\377\0004\000.\0002\0001\000.\0002\000.\0001\000\040\000a\000l\000p\000h\000a}{subsection.4.21.2}% 242
\BOOKMARK [3][-]{subsubsection.4.21.2.2}{\376\377\0004\000.\0002\0001\000.\0002\000.\0002\000\040\000b\000e\000t\000a}{subsection.4.21.2}% 243
\BOOKMARK [3][-]{subsubsection.4.21.2.3}{\376\377\0004\000.\0002\0001\000.\0002\000.\0003\000\040\000c\000u\000r\000D\000e\000p\000t\000h}{subsection.4.21.2}% 244
\BOOKMARK [3][-]{subsubsection.4.21.2.4}{\376\377\0004\000.\0002\0001\000.\0002\000.\0004\000\040\000m\000a\000x\000D\000e\000p\000t\000h}{subsection.4.21.2}% 245
\BOOKMARK [1][-]{section.4.22}{\376\377\0004\000.\0002\0002\000\040\000D\000o\000k\000u\000m\000e\000n\000t\000\341\000c\000i\000a\000\040\000t\000r\000i\000e\000d\000y\000\040\000S\000e\000a\000r\000c\000h\000M\000a\000n\000a\000g\000e\000r}{chapter.4}% 246
\BOOKMARK [2][-]{subsection.4.22.1}{\376\377\0004\000.\0002\0002\000.\0001\000\040\000D\000e\000t\000a\000i\000l\000n\000\375\000\040\000p\000o\000p\000i\000s}{section.4.22}% 247
\BOOKMARK [2][-]{subsection.4.22.2}{\376\377\0004\000.\0002\0002\000.\0002\000\040\000D\000o\000k\000u\000m\000e\000n\000t\000\341\000c\000i\000a\000\040\000k\000\040\000m\000e\000t\000\363\000d\000a\000m}{section.4.22}% 248
\BOOKMARK [3][-]{subsubsection.4.22.2.1}{\376\377\0004\000.\0002\0002\000.\0002\000.\0001\000\040\000c\000a\000l\000c\000u\000l\000a\000t\000e\000B\000e\000s\000t\000M\000o\000v\000e\000\050\000\051}{subsection.4.22.2}% 249
\BOOKMARK [3][-]{subsubsection.4.22.2.2}{\376\377\0004\000.\0002\0002\000.\0002\000.\0002\000\040\000c\000a\000l\000c\000u\000l\000a\000t\000e\000B\000e\000s\000t\000M\000o\000v\000e\000\137\000t\000h\000r\000e\000a\000d\000s\000\050\000\051}{subsection.4.22.2}% 250
\BOOKMARK [3][-]{subsubsection.4.22.2.3}{\376\377\0004\000.\0002\0002\000.\0002\000.\0003\000\040\000m\000i\000n\000i\000m\000a\000x\000\050\000\051}{subsection.4.22.2}% 251
\BOOKMARK [2][-]{subsection.4.22.3}{\376\377\0004\000.\0002\0002\000.\0003\000\040\000D\000o\000k\000u\000m\000e\000n\000t\000\341\000c\000i\000a\000\040\000k\000\040\000d\000\341\000t\000o\000v\000\375\000m\000\040\001\015\000l\000e\000n\000o\000m}{section.4.22}% 252
\BOOKMARK [3][-]{subsubsection.4.22.3.1}{\376\377\0004\000.\0002\0002\000.\0003\000.\0001\000\040\000c\000a\000c\000h\000e}{subsection.4.22.3}% 253
\BOOKMARK [3][-]{subsubsection.4.22.3.2}{\376\377\0004\000.\0002\0002\000.\0003\000.\0002\000\040\000e\000n\000s\000e\000m\000b\000l\000e}{subsection.4.22.3}% 254
\BOOKMARK [3][-]{subsubsection.4.22.3.3}{\376\377\0004\000.\0002\0002\000.\0003\000.\0003\000\040\000q\000L\000i\000m\000i\000t}{subsection.4.22.3}% 255
\BOOKMARK [1][-]{section.4.23}{\376\377\0004\000.\0002\0003\000\040\000D\000o\000k\000u\000m\000e\000n\000t\000\341\000c\000i\000a\000\040\000t\000r\000i\000e\000d\000y\000\040\000S\000i\000m\000u\000l\000a\000t\000i\000o\000n\000M\000a\000n\000a\000g\000e\000r}{chapter.4}% 256
\BOOKMARK [2][-]{subsection.4.23.1}{\376\377\0004\000.\0002\0003\000.\0001\000\040\000D\000e\000t\000a\000i\000l\000n\000\375\000\040\000p\000o\000p\000i\000s}{section.4.23}% 257
\BOOKMARK [2][-]{subsection.4.23.2}{\376\377\0004\000.\0002\0003\000.\0002\000\040\000D\000o\000k\000u\000m\000e\000n\000t\000\341\000c\000i\000a\000\040\000k\000\040\000m\000e\000t\000\363\000d\000a\000m}{section.4.23}% 258
\BOOKMARK [3][-]{subsubsection.4.23.2.1}{\376\377\0004\000.\0002\0003\000.\0002\000.\0001\000\040\000s\000i\000m\000u\000l\000a\000t\000e\000G\000a\000m\000e\000s\000\050\000\051}{subsection.4.23.2}% 259
\BOOKMARK [1][-]{section.4.24}{\376\377\0004\000.\0002\0004\000\040\000D\000o\000k\000u\000m\000e\000n\000t\000\341\000c\000i\000a\000\040\001\141\000t\000r\000u\000k\000t\000\372\000r\000y\000\040\000T\000r\000a\000n\000s\000p\000o\000s\000i\000t\000i\000o\000n}{chapter.4}% 260
\BOOKMARK [2][-]{subsection.4.24.1}{\376\377\0004\000.\0002\0004\000.\0001\000\040\000D\000e\000t\000a\000i\000l\000n\000\375\000\040\000p\000o\000p\000i\000s}{section.4.24}% 261
\BOOKMARK [2][-]{subsection.4.24.2}{\376\377\0004\000.\0002\0004\000.\0002\000\040\000D\000o\000k\000u\000m\000e\000n\000t\000\341\000c\000i\000a\000\040\000k\000\040\000d\000\341\000t\000o\000v\000\375\000m\000\040\001\015\000l\000e\000n\000o\000m}{section.4.24}% 262
\BOOKMARK [3][-]{subsubsection.4.24.2.1}{\376\377\0004\000.\0002\0004\000.\0002\000.\0001\000\040\000d\000e\000p\000t\000h}{subsection.4.24.2}% 263
\BOOKMARK [3][-]{subsubsection.4.24.2.2}{\376\377\0004\000.\0002\0004\000.\0002\000.\0002\000\040\000v\000a\000l\000u\000e}{subsection.4.24.2}% 264
\BOOKMARK [1][-]{section.4.25}{\376\377\0004\000.\0002\0005\000\040\000D\000o\000k\000u\000m\000e\000n\000t\000\341\000c\000i\000a\000\040\000t\000r\000i\000e\000d\000y\000\040\000T\000r\000a\000n\000s\000p\000o\000s\000i\000t\000i\000o\000n\000C\000a\000c\000h\000e}{chapter.4}% 265
\BOOKMARK [2][-]{subsection.4.25.1}{\376\377\0004\000.\0002\0005\000.\0001\000\040\000D\000e\000t\000a\000i\000l\000n\000\375\000\040\000p\000o\000p\000i\000s}{section.4.25}% 266
\BOOKMARK [2][-]{subsection.4.25.2}{\376\377\0004\000.\0002\0005\000.\0002\000\040\000D\000o\000k\000u\000m\000e\000n\000t\000\341\000c\000i\000a\000\040\000k\000o\000n\001\141\000t\000r\000u\000k\000t\000o\000r\000u\000\040\000a\000\040\000d\000e\001\141\000t\000r\000u\000k\000t\000o\000r\000u}{section.4.25}% 267
\BOOKMARK [3][-]{subsubsection.4.25.2.1}{\376\377\0004\000.\0002\0005\000.\0002\000.\0001\000\040\000T\000r\000a\000n\000s\000p\000o\000s\000i\000t\000i\000o\000n\000C\000a\000c\000h\000e\000\050\000\051}{subsection.4.25.2}% 268
\BOOKMARK [2][-]{subsection.4.25.3}{\376\377\0004\000.\0002\0005\000.\0003\000\040\000D\000o\000k\000u\000m\000e\000n\000t\000\341\000c\000i\000a\000\040\000k\000\040\000m\000e\000t\000\363\000d\000a\000m}{section.4.25}% 269
\BOOKMARK [3][-]{subsubsection.4.25.3.1}{\376\377\0004\000.\0002\0005\000.\0003\000.\0001\000\040\000g\000e\000t\000\050\000\051}{subsection.4.25.3}% 270
\BOOKMARK [3][-]{subsubsection.4.25.3.2}{\376\377\0004\000.\0002\0005\000.\0003\000.\0002\000\040\000p\000u\000t\000\050\000\051}{subsection.4.25.3}% 271
\BOOKMARK [2][-]{subsection.4.25.4}{\376\377\0004\000.\0002\0005\000.\0004\000\040\000D\000o\000k\000u\000m\000e\000n\000t\000\341\000c\000i\000a\000\040\000k\000\040\000d\000\341\000t\000o\000v\000\375\000m\000\040\001\015\000l\000e\000n\000o\000m}{section.4.25}% 272
\BOOKMARK [3][-]{subsubsection.4.25.4.1}{\376\377\0004\000.\0002\0005\000.\0004\000.\0001\000\040\000c\000a\000c\000h\000e}{subsection.4.25.4}% 273
\BOOKMARK [3][-]{subsubsection.4.25.4.2}{\376\377\0004\000.\0002\0005\000.\0004\000.\0002\000\040\000c\000a\000p\000a\000c\000i\000t\000y}{subsection.4.25.4}% 274
\BOOKMARK [3][-]{subsubsection.4.25.4.3}{\376\377\0004\000.\0002\0005\000.\0004\000.\0003\000\040\000m\000u\000t\000e\000x}{subsection.4.25.4}% 275
\BOOKMARK [3][-]{subsubsection.4.25.4.4}{\376\377\0004\000.\0002\0005\000.\0004\000.\0004\000\040\000o\000r\000d\000e\000r}{subsection.4.25.4}% 276
\BOOKMARK [1][-]{section.4.26}{\376\377\0004\000.\0002\0006\000\040\000D\000o\000k\000u\000m\000e\000n\000t\000\341\000c\000i\000a\000\040\000t\000r\000i\000e\000d\000y\000\040\000u\000c\000i}{chapter.4}% 277
\BOOKMARK [2][-]{subsection.4.26.1}{\376\377\0004\000.\0002\0006\000.\0001\000\040\000D\000e\000t\000a\000i\000l\000n\000\375\000\040\000p\000o\000p\000i\000s}{section.4.26}% 278
\BOOKMARK [2][-]{subsection.4.26.2}{\376\377\0004\000.\0002\0006\000.\0002\000\040\000D\000o\000k\000u\000m\000e\000n\000t\000\341\000c\000i\000a\000\040\000k\000\040\000m\000e\000t\000\363\000d\000a\000m}{section.4.26}% 279
\BOOKMARK [3][-]{subsubsection.4.26.2.1}{\376\377\0004\000.\0002\0006\000.\0002\000.\0001\000\040\000p\000a\000r\000s\000e\000C\000o\000m\000m\000a\000n\000d\000\050\000\051}{subsection.4.26.2}% 280
\BOOKMARK [3][-]{subsubsection.4.26.2.2}{\376\377\0004\000.\0002\0006\000.\0002\000.\0002\000\040\000r\000u\000n\000\050\000\051}{subsection.4.26.2}% 281
\BOOKMARK [2][-]{subsection.4.26.3}{\376\377\0004\000.\0002\0006\000.\0003\000\040\000D\000o\000k\000u\000m\000e\000n\000t\000\341\000c\000i\000a\000\040\000k\000\040\000d\000\341\000t\000o\000v\000\375\000m\000\040\001\015\000l\000e\000n\000o\000m}{section.4.26}% 282
\BOOKMARK [3][-]{subsubsection.4.26.3.1}{\376\377\0004\000.\0002\0006\000.\0003\000.\0001\000\040\000b\000o\000a\000r\000d}{subsection.4.26.3}% 283
\BOOKMARK [3][-]{subsubsection.4.26.3.2}{\376\377\0004\000.\0002\0006\000.\0003\000.\0002\000\040\000e\000s\000s\000e\000n\000c\000e\000C\000o\000n\000f\000i\000g}{subsection.4.26.3}% 284
\BOOKMARK [3][-]{subsubsection.4.26.3.3}{\376\377\0004\000.\0002\0006\000.\0003\000.\0003\000\040\000u\000s\000e\000E\000n\000s\000e\000m\000b\000l\000e}{subsection.4.26.3}% 285
\BOOKMARK [1][-]{section.4.27}{\376\377\0004\000.\0002\0007\000\040\000D\000o\000k\000u\000m\000e\000n\000t\000\341\000c\000i\000a\000\040\000t\000r\000i\000e\000d\000y\000\040\000Z\000o\000b\000r\000i\000s\000t\000H\000a\000s\000h\000i\000n\000g}{chapter.4}% 286
\BOOKMARK [2][-]{subsection.4.27.1}{\376\377\0004\000.\0002\0007\000.\0001\000\040\000D\000e\000t\000a\000i\000l\000n\000\375\000\040\000p\000o\000p\000i\000s}{section.4.27}% 287
\BOOKMARK [2][-]{subsection.4.27.2}{\376\377\0004\000.\0002\0007\000.\0002\000\040\000D\000o\000k\000u\000m\000e\000n\000t\000\341\000c\000i\000a\000\040\000k\000\040\000m\000e\000t\000\363\000d\000a\000m}{section.4.27}% 288
\BOOKMARK [3][-]{subsubsection.4.27.2.1}{\376\377\0004\000.\0002\0007\000.\0002\000.\0001\000\040\000i\000n\000i\000t\000\050\000\051}{subsection.4.27.2}% 289
\BOOKMARK [3][-]{subsubsection.4.27.2.2}{\376\377\0004\000.\0002\0007\000.\0002\000.\0002\000\040\000r\000a\000n\000d\0006\0004\000\050\000\051}{subsection.4.27.2}% 290
\BOOKMARK [2][-]{subsection.4.27.3}{\376\377\0004\000.\0002\0007\000.\0003\000\040\000D\000o\000k\000u\000m\000e\000n\000t\000\341\000c\000i\000a\000\040\000k\000\040\000d\000\341\000t\000o\000v\000\375\000m\000\040\001\015\000l\000e\000n\000o\000m}{section.4.27}% 291
\BOOKMARK [3][-]{subsubsection.4.27.3.1}{\376\377\0004\000.\0002\0007\000.\0003\000.\0001\000\040\000g\000h\000o\000s\000t\000s}{subsection.4.27.3}% 292
\BOOKMARK [3][-]{subsubsection.4.27.3.2}{\376\377\0004\000.\0002\0007\000.\0003\000.\0002\000\040\000i\000s\000I\000n\000i\000t\000a\000l\000i\000z\000e\000d}{subsection.4.27.3}% 293
\BOOKMARK [3][-]{subsubsection.4.27.3.3}{\376\377\0004\000.\0002\0007\000.\0003\000.\0003\000\040\000n\000o\000t\000M\000o\000v\000e\000d}{subsection.4.27.3}% 294
\BOOKMARK [3][-]{subsubsection.4.27.3.4}{\376\377\0004\000.\0002\0007\000.\0003\000.\0004\000\040\000s\000q\000u\000a\000r\000e\000s}{subsection.4.27.3}% 295
\BOOKMARK [3][-]{subsubsection.4.27.3.5}{\376\377\0004\000.\0002\0007\000.\0003\000.\0005\000\040\000t\000u\000r\000n}{subsection.4.27.3}% 296
\BOOKMARK [0][-]{chapter.5}{\376\377\0005\000\040\000D\000o\000k\000u\000m\000e\000n\000t\000\341\000c\000i\000a\000\040\000s\000\372\000b\000o\000r\000o\000v}{}% 297
\BOOKMARK [1][-]{section.5.1}{\376\377\0005\000.\0001\000\040\000D\000o\000k\000u\000m\000e\000n\000t\000\341\000c\000i\000a\000\040\000s\000\372\000b\000o\000r\000u\000\040\000b\000i\000t\000b\000o\000a\000r\000d\000.\000h}{chapter.5}% 298
\BOOKMARK [2][-]{subsection.5.1.1}{\376\377\0005\000.\0001\000.\0001\000\040\000D\000e\000t\000a\000i\000l\000n\000\375\000\040\000p\000o\000p\000i\000s}{section.5.1}% 299
\BOOKMARK [1][-]{section.5.2}{\376\377\0005\000.\0002\000\040\000b\000i\000t\000b\000o\000a\000r\000d\000.\000h}{chapter.5}% 300
\BOOKMARK [1][-]{section.5.3}{\376\377\0005\000.\0003\000\040\000D\000o\000k\000u\000m\000e\000n\000t\000\341\000c\000i\000a\000\040\000s\000\372\000b\000o\000r\000u\000\040\000b\000o\000a\000r\000d\000.\000h}{chapter.5}% 301
\BOOKMARK [2][-]{subsection.5.3.1}{\376\377\0005\000.\0003\000.\0001\000\040\000D\000e\000t\000a\000i\000l\000n\000\375\000\040\000p\000o\000p\000i\000s}{section.5.3}% 302
\BOOKMARK [2][-]{subsection.5.3.2}{\376\377\0005\000.\0003\000.\0002\000\040\000D\000o\000k\000u\000m\000e\000n\000t\000\341\000c\000i\000a\000\040\000e\000n\000u\000m\000e\000r\000a\001\015\000n\000\375\000c\000h\000\040\000t\000y\000p\000o\000v}{section.5.3}% 303
\BOOKMARK [3][-]{subsubsection.5.3.2.1}{\376\377\0005\000.\0003\000.\0002\000.\0001\000\040\000G\000a\000m\000e\000R\000e\000s\000u\000l\000t}{subsection.5.3.2}% 304
\BOOKMARK [1][-]{section.5.4}{\376\377\0005\000.\0004\000\040\000b\000o\000a\000r\000d\000.\000h}{chapter.5}% 305
\BOOKMARK [1][-]{section.5.5}{\376\377\0005\000.\0005\000\040\000D\000o\000k\000u\000m\000e\000n\000t\000\341\000c\000i\000a\000\040\000s\000\372\000b\000o\000r\000u\000\040\000d\000a\000t\000a\000b\000a\000s\000e\000.\000h}{chapter.5}% 306
\BOOKMARK [2][-]{subsection.5.5.1}{\376\377\0005\000.\0005\000.\0001\000\040\000D\000e\000t\000a\000i\000l\000n\000\375\000\040\000p\000o\000p\000i\000s}{section.5.5}% 307
\BOOKMARK [1][-]{section.5.6}{\376\377\0005\000.\0006\000\040\000d\000a\000t\000a\000b\000a\000s\000e\000.\000h}{chapter.5}% 308
\BOOKMARK [1][-]{section.5.7}{\376\377\0005\000.\0007\000\040\000D\000o\000k\000u\000m\000e\000n\000t\000\341\000c\000i\000a\000\040\000s\000\372\000b\000o\000r\000u\000\040\000e\000n\000s\000e\000m\000b\000l\000e\000.\000h}{chapter.5}% 309
\BOOKMARK [2][-]{subsection.5.7.1}{\376\377\0005\000.\0007\000.\0001\000\040\000D\000e\000t\000a\000i\000l\000n\000\375\000\040\000p\000o\000p\000i\000s}{section.5.7}% 310
\BOOKMARK [1][-]{section.5.8}{\376\377\0005\000.\0008\000\040\000e\000n\000s\000e\000m\000b\000l\000e\000.\000h}{chapter.5}% 311
\BOOKMARK [1][-]{section.5.9}{\376\377\0005\000.\0009\000\040\000D\000o\000k\000u\000m\000e\000n\000t\000\341\000c\000i\000a\000\040\000s\000\372\000b\000o\000r\000u\000\040\000e\000v\000a\000l\000u\000a\000t\000i\000o\000n\000.\000h}{chapter.5}% 312
\BOOKMARK [2][-]{subsection.5.9.1}{\376\377\0005\000.\0009\000.\0001\000\040\000D\000e\000t\000a\000i\000l\000n\000\375\000\040\000p\000o\000p\000i\000s}{section.5.9}% 313
\BOOKMARK [1][-]{section.5.10}{\376\377\0005\000.\0001\0000\000\040\000e\000v\000a\000l\000u\000a\000t\000i\000o\000n\000.\000h}{chapter.5}% 314
\BOOKMARK [1][-]{section.5.11}{\376\377\0005\000.\0001\0001\000\040\000D\000o\000k\000u\000m\000e\000n\000t\000\341\000c\000i\000a\000\040\000s\000\372\000b\000o\000r\000u\000\040\000f\000a\000i\000r\000y\000S\000t\000o\000c\000k\000f\000i\000s\000h\000.\000h}{chapter.5}% 315
\BOOKMARK [2][-]{subsection.5.11.1}{\376\377\0005\000.\0001\0001\000.\0001\000\040\000D\000e\000t\000a\000i\000l\000n\000\375\000\040\000p\000o\000p\000i\000s}{section.5.11}% 316
\BOOKMARK [1][-]{section.5.12}{\376\377\0005\000.\0001\0002\000\040\000f\000a\000i\000r\000y\000S\000t\000o\000c\000k\000f\000i\000s\000h\000.\000h}{chapter.5}% 317
\BOOKMARK [1][-]{section.5.13}{\376\377\0005\000.\0001\0003\000\040\000D\000o\000k\000u\000m\000e\000n\000t\000\341\000c\000i\000a\000\040\000s\000\372\000b\000o\000r\000u\000\040\000h\000a\000s\000h\000i\000n\000g\000.\000h}{chapter.5}% 318
\BOOKMARK [2][-]{subsection.5.13.1}{\376\377\0005\000.\0001\0003\000.\0001\000\040\000D\000e\000t\000a\000i\000l\000n\000\375\000\040\000p\000o\000p\000i\000s}{section.5.13}% 319
\BOOKMARK [1][-]{section.5.14}{\376\377\0005\000.\0001\0004\000\040\000h\000a\000s\000h\000i\000n\000g\000.\000h}{chapter.5}% 320
\BOOKMARK [1][-]{section.5.15}{\376\377\0005\000.\0001\0005\000\040\000D\000o\000k\000u\000m\000e\000n\000t\000\341\000c\000i\000a\000\040\000s\000\372\000b\000o\000r\000u\000\040\000m\000o\000b\000i\000l\000i\000t\000y\000.\000h}{chapter.5}% 321
\BOOKMARK [2][-]{subsection.5.15.1}{\376\377\0005\000.\0001\0005\000.\0001\000\040\000D\000e\000t\000a\000i\000l\000n\000\375\000\040\000p\000o\000p\000i\000s}{section.5.15}% 322
\BOOKMARK [2][-]{subsection.5.15.2}{\376\377\0005\000.\0001\0005\000.\0002\000\040\000D\000o\000k\000u\000m\000e\000n\000t\000\341\000c\000i\000a\000\040\000e\000n\000u\000m\000e\000r\000a\001\015\000n\000\375\000c\000h\000\040\000t\000y\000p\000o\000v}{section.5.15}% 323
\BOOKMARK [3][-]{subsubsection.5.15.2.1}{\376\377\0005\000.\0001\0005\000.\0002\000.\0001\000\040\000C\000a\000s\000t\000l\000i\000n\000g}{subsection.5.15.2}% 324
\BOOKMARK [3][-]{subsubsection.5.15.2.2}{\376\377\0005\000.\0001\0005\000.\0002\000.\0002\000\040\000M\000o\000v\000e\000m\000e\000n\000t\000T\000y\000p\000e}{subsection.5.15.2}% 325
\BOOKMARK [1][-]{section.5.16}{\376\377\0005\000.\0001\0006\000\040\000m\000o\000b\000i\000l\000i\000t\000y\000.\000h}{chapter.5}% 326
\BOOKMARK [1][-]{section.5.17}{\376\377\0005\000.\0001\0007\000\040\000D\000o\000k\000u\000m\000e\000n\000t\000\341\000c\000i\000a\000\040\000s\000\372\000b\000o\000r\000u\000\040\000p\000i\000e\000c\000e\000.\000h}{chapter.5}% 327
\BOOKMARK [2][-]{subsection.5.17.1}{\376\377\0005\000.\0001\0007\000.\0001\000\040\000D\000e\000t\000a\000i\000l\000n\000\375\000\040\000p\000o\000p\000i\000s}{section.5.17}% 328
\BOOKMARK [2][-]{subsection.5.17.2}{\376\377\0005\000.\0001\0007\000.\0002\000\040\000D\000o\000k\000u\000m\000e\000n\000t\000\341\000c\000i\000a\000\040\000e\000n\000u\000m\000e\000r\000a\001\015\000n\000\375\000c\000h\000\040\000t\000y\000p\000o\000v}{section.5.17}% 329
\BOOKMARK [3][-]{subsubsection.5.17.2.1}{\376\377\0005\000.\0001\0007\000.\0002\000.\0001\000\040\000P\000i\000e\000c\000e\000C\000o\000l\000o\000r}{subsection.5.17.2}% 330
\BOOKMARK [3][-]{subsubsection.5.17.2.2}{\376\377\0005\000.\0001\0007\000.\0002\000.\0002\000\040\000P\000i\000e\000c\000e\000E\000s\000s\000e\000n\000c\000e}{subsection.5.17.2}% 331
\BOOKMARK [3][-]{subsubsection.5.17.2.3}{\376\377\0005\000.\0001\0007\000.\0002\000.\0003\000\040\000P\000i\000e\000c\000e\000T\000y\000p\000e}{subsection.5.17.2}% 332
\BOOKMARK [2][-]{subsection.5.17.3}{\376\377\0005\000.\0001\0007\000.\0003\000\040\000D\000o\000k\000u\000m\000e\000n\000t\000\341\000c\000i\000a\000\040\000f\000u\000n\000k\000c\000i\000\355}{section.5.17}% 333
\BOOKMARK [3][-]{subsubsection.5.17.3.1}{\376\377\0005\000.\0001\0007\000.\0003\000.\0001\000\040\000c\000o\000l\000o\000r\000T\000o\000S\000t\000r\000i\000n\000g\000\050\000\051}{subsection.5.17.3}% 334
\BOOKMARK [3][-]{subsubsection.5.17.3.2}{\376\377\0005\000.\0001\0007\000.\0003\000.\0002\000\040\000e\000s\000s\000e\000n\000c\000e\000T\000o\000S\000t\000r\000i\000n\000g\000\050\000\051}{subsection.5.17.3}% 335
\BOOKMARK [3][-]{subsubsection.5.17.3.3}{\376\377\0005\000.\0001\0007\000.\0003\000.\0003\000\040\000g\000e\000t\000P\000i\000e\000c\000e\000I\000n\000d\000e\000x\000\050\000\051}{subsection.5.17.3}% 336
\BOOKMARK [3][-]{subsubsection.5.17.3.4}{\376\377\0005\000.\0001\0007\000.\0003\000.\0004\000\040\000s\000t\000r\000i\000n\000g\000T\000o\000C\000o\000l\000o\000r\000\050\000\051}{subsection.5.17.3}% 337
\BOOKMARK [3][-]{subsubsection.5.17.3.5}{\376\377\0005\000.\0001\0007\000.\0003\000.\0005\000\040\000s\000t\000r\000i\000n\000g\000T\000o\000E\000s\000s\000e\000n\000c\000e\000\050\000\051}{subsection.5.17.3}% 338
\BOOKMARK [3][-]{subsubsection.5.17.3.6}{\376\377\0005\000.\0001\0007\000.\0003\000.\0006\000\040\000s\000t\000r\000i\000n\000g\000T\000o\000T\000y\000p\000e\000\050\000\051}{subsection.5.17.3}% 339
\BOOKMARK [3][-]{subsubsection.5.17.3.7}{\376\377\0005\000.\0001\0007\000.\0003\000.\0007\000\040\000t\000y\000p\000e\000T\000o\000S\000t\000r\000i\000n\000g\000\050\000\051}{subsection.5.17.3}% 340
\BOOKMARK [2][-]{subsection.5.17.4}{\376\377\0005\000.\0001\0007\000.\0004\000\040\000D\000o\000k\000u\000m\000e\000n\000t\000\341\000c\000i\000a\000\040\000p\000r\000e\000m\000e\000n\000n\000\375\000c\000h}{section.5.17}% 341
\BOOKMARK [3][-]{subsubsection.5.17.4.1}{\376\377\0005\000.\0001\0007\000.\0004\000.\0001\000\040\000c\000o\000l\000o\000r\000C\000h\000a\000r\000s}{subsection.5.17.4}% 342
\BOOKMARK [3][-]{subsubsection.5.17.4.2}{\376\377\0005\000.\0001\0007\000.\0004\000.\0002\000\040\000e\000s\000s\000e\000n\000c\000e\000C\000h\000a\000r\000s}{subsection.5.17.4}% 343
\BOOKMARK [3][-]{subsubsection.5.17.4.3}{\376\377\0005\000.\0001\0007\000.\0004\000.\0003\000\040\000o\000p\000p\000o\000n\000e\000n\000t}{subsection.5.17.4}% 344
\BOOKMARK [3][-]{subsubsection.5.17.4.4}{\376\377\0005\000.\0001\0007\000.\0004\000.\0004\000\040\000t\000y\000p\000e\000C\000h\000a\000r\000s}{subsection.5.17.4}% 345
\BOOKMARK [1][-]{section.5.18}{\376\377\0005\000.\0001\0008\000\040\000p\000i\000e\000c\000e\000.\000h}{chapter.5}% 346
\BOOKMARK [1][-]{section.5.19}{\376\377\0005\000.\0001\0009\000\040\000D\000o\000k\000u\000m\000e\000n\000t\000\341\000c\000i\000a\000\040\000s\000\372\000b\000o\000r\000u\000\040\000r\000a\000n\000d\000o\000m\000.\000h}{chapter.5}% 347
\BOOKMARK [2][-]{subsection.5.19.1}{\376\377\0005\000.\0001\0009\000.\0001\000\040\000D\000e\000t\000a\000i\000l\000n\000\375\000\040\000p\000o\000p\000i\000s}{section.5.19}% 348
\BOOKMARK [1][-]{section.5.20}{\376\377\0005\000.\0002\0000\000\040\000r\000a\000n\000d\000o\000m\000.\000h}{chapter.5}% 349
\BOOKMARK [1][-]{section.5.21}{\376\377\0005\000.\0002\0001\000\040\000D\000o\000k\000u\000m\000e\000n\000t\000\341\000c\000i\000a\000\040\000s\000\372\000b\000o\000r\000u\000\040\000s\000e\000a\000r\000c\000h\000i\000n\000g\000.\000h}{chapter.5}% 350
\BOOKMARK [2][-]{subsection.5.21.1}{\376\377\0005\000.\0002\0001\000.\0001\000\040\000D\000e\000t\000a\000i\000l\000n\000\375\000\040\000p\000o\000p\000i\000s}{section.5.21}% 351
\BOOKMARK [1][-]{section.5.22}{\376\377\0005\000.\0002\0002\000\040\000s\000e\000a\000r\000c\000h\000i\000n\000g\000.\000h}{chapter.5}% 352
\BOOKMARK [1][-]{section.5.23}{\376\377\0005\000.\0002\0003\000\040\000D\000o\000k\000u\000m\000e\000n\000t\000\341\000c\000i\000a\000\040\000s\000\372\000b\000o\000r\000u\000\040\000s\000i\000m\000u\000l\000a\000t\000i\000o\000n\000.\000h}{chapter.5}% 353
\BOOKMARK [2][-]{subsection.5.23.1}{\376\377\0005\000.\0002\0003\000.\0001\000\040\000D\000e\000t\000a\000i\000l\000n\000\375\000\040\000p\000o\000p\000i\000s}{section.5.23}% 354
\BOOKMARK [1][-]{section.5.24}{\376\377\0005\000.\0002\0004\000\040\000s\000i\000m\000u\000l\000a\000t\000i\000o\000n\000.\000h}{chapter.5}% 355
\BOOKMARK [1][-]{section.5.25}{\376\377\0005\000.\0002\0005\000\040\000D\000o\000k\000u\000m\000e\000n\000t\000\341\000c\000i\000a\000\040\000s\000\372\000b\000o\000r\000u\000\040\000t\000r\000a\000n\000s\000p\000o\000s\000i\000t\000i\000o\000n\000s\000.\000h}{chapter.5}% 356
\BOOKMARK [2][-]{subsection.5.25.1}{\376\377\0005\000.\0002\0005\000.\0001\000\040\000D\000e\000t\000a\000i\000l\000n\000\375\000\040\000p\000o\000p\000i\000s}{section.5.25}% 357
\BOOKMARK [1][-]{section.5.26}{\376\377\0005\000.\0002\0006\000\040\000t\000r\000a\000n\000s\000p\000o\000s\000i\000t\000i\000o\000n\000s\000.\000h}{chapter.5}% 358
\BOOKMARK [1][-]{section.5.27}{\376\377\0005\000.\0002\0007\000\040\000D\000o\000k\000u\000m\000e\000n\000t\000\341\000c\000i\000a\000\040\000s\000\372\000b\000o\000r\000u\000\040\000u\000c\000i\000.\000h}{chapter.5}% 359
\BOOKMARK [2][-]{subsection.5.27.1}{\376\377\0005\000.\0002\0007\000.\0001\000\040\000D\000e\000t\000a\000i\000l\000n\000\375\000\040\000p\000o\000p\000i\000s}{section.5.27}% 360
\BOOKMARK [1][-]{section.5.28}{\376\377\0005\000.\0002\0008\000\040\000u\000c\000i\000.\000h}{chapter.5}% 361
\BOOKMARK [0][-]{section*.72}{\376\377\000R\000e\000g\000i\000s\000t\000e\000r}{}% 362
